
> fluxer_app@0.0.0 build C:\Users\canto\Desktop\fluxor\fluxer_app
> pnpm wasm:codegen && pnpm generate:colors && pnpm generate:masks && pnpm generate:css-types && tsgo --noEmit && pnpm lingui:compile && rm -rf dist && rspack build --mode production && pnpm tsx scripts/build-sw.mjs


> fluxer_app@0.0.0 wasm:codegen C:\Users\canto\Desktop\fluxor\fluxer_app
> cd crates/libfluxcore && wasm-pack build --target web --out-dir ../../pkgs/libfluxcore --release

[INFO]: Checking for the Wasm target...
[INFO]: Compiling to Wasm...
    Finished `release` profile [optimized] target(s) in 0.14s
[INFO]: Installing wasm-bindgen...
[INFO]: Optimizing wasm binaries with `wasm-opt`...
[INFO]: Optional fields missing from Cargo.toml: 'description', 'repository', and 'license'. These are not necessary, but recommended
[INFO]: :-) Done in 5.90s
[INFO]: :-) Your wasm pkg is ready to publish at C:\Users\canto\Desktop\fluxor\fluxer_app\pkgs\libfluxcore.

> fluxer_app@0.0.0 generate:colors C:\Users\canto\Desktop\fluxor\fluxer_app
> pnpm tsx scripts/GenerateColorSystem.tsx

Wrote src\styles\generated\color-system.css

> fluxer_app@0.0.0 generate:masks C:\Users\canto\Desktop\fluxor\fluxer_app
> pnpm tsx scripts/GenerateAvatarMasks.tsx

Generated C:\Users\canto\Desktop\fluxor\fluxer_app\src\components\uikit\SVGMasks.tsx

> fluxer_app@0.0.0 generate:css-types C:\Users\canto\Desktop\fluxor\fluxer_app
> tcm src --pattern '**/*.module.css'

src/App.tsx(23,20): error TS2307: Cannot find module '@app/App.module.css' or its corresponding type declarations.
src/components/BootstrapErrorScreen.tsx(20,20): error TS2307: Cannot find module '@app/components/ErrorFallback.module.css' or its corresponding type declarations.
src/components/ErrorFallback.tsx(20,33): error TS2307: Cannot find module '@app/components/ErrorFallback.module.css' or its corresponding type declarations.
src/components/NetworkErrorScreen.tsx(20,20): error TS2307: Cannot find module '@app/components/ErrorFallback.module.css' or its corresponding type declarations.
src/components/accounts/AccountListItem.tsx(20,20): error TS2307: Cannot find module '@app/components/accounts/AccountListItem.module.css' or its corresponding type declarations.
src/components/accounts/AccountRow.tsx(21,20): error TS2307: Cannot find module '@app/components/accounts/AccountRow.module.css' or its corresponding type declarations.
src/components/accounts/AccountSelector.tsx(25,20): error TS2307: Cannot find module '@app/components/accounts/AccountSelector.module.css' or its corresponding type declarations.
src/components/accounts/AccountSwitcherModal.tsx(21,20): error TS2307: Cannot find module '@app/components/accounts/AccountSwitcherModal.module.css' or its corresponding type declarations.
src/components/alerts/VoiceConnectionConfirmModal.tsx(20,20): error TS2307: Cannot find module '@app/components/alerts/VoiceConnectionConfirmModal.module.css' or its corresponding type declarations.
src/components/auth/AuthBackground.tsx(20,20): error TS2307: Cannot find module '@app/components/layout/AuthLayout.module.css' or its corresponding type declarations.
src/components/auth/AuthBottomLink.tsx(20,20): error TS2307: Cannot find module '@app/components/auth/AuthPageStyles.module.css' or its corresponding type declarations.
src/components/auth/AuthCardContainer.tsx(20,20): error TS2307: Cannot find module '@app/components/auth/AuthCardContainer.module.css' or its corresponding type declarations.
src/components/auth/AuthCardContainer.tsx(21,30): error TS2307: Cannot find module '@app/components/layout/AuthLayout.module.css' or its corresponding type declarations.
src/components/auth/AuthErrorState.tsx(20,20): error TS2307: Cannot find module '@app/components/auth/AuthPageStyles.module.css' or its corresponding type declarations.
src/components/auth/AuthLoadingState.tsx(20,20): error TS2307: Cannot find module '@app/components/auth/AuthPageStyles.module.css' or its corresponding type declarations.
src/components/auth/AuthLoginLayout.tsx(29,20): error TS2307: Cannot find module '@app/components/pages/LoginPage.module.css' or its corresponding type declarations.
src/components/auth/AuthMinimalRegisterFormCore.tsx(21,20): error TS2307: Cannot find module '@app/components/auth/AuthPageStyles.module.css' or its corresponding type declarations.
src/components/auth/AuthPageHeader.tsx(20,20): error TS2307: Cannot find module '@app/components/auth/AuthPageStyles.module.css' or its corresponding type declarations.
src/components/auth/AuthRegisterFormCore.tsx(21,20): error TS2307: Cannot find module '@app/components/auth/AuthPageStyles.module.css' or its corresponding type declarations.
src/components/auth/BrowserLoginHandoffModal.tsx(23,20): error TS2307: Cannot find module '@app/components/auth/BrowserLoginHandoffModal.module.css' or its corresponding type declarations.
src/components/auth/DateOfBirthField.tsx(20,20): error TS2307: Cannot find module '@app/components/auth/DateOfBirthField.module.css' or its corresponding type declarations.
src/components/auth/DesktopDeepLinkPrompt.tsx(20,20): error TS2307: Cannot find module '@app/components/auth/DesktopDeepLinkPrompt.module.css' or its corresponding type declarations.
src/components/auth/GiftHeader.tsx(21,20): error TS2307: Cannot find module '@app/components/auth/AuthPageStyles.module.css' or its corresponding type declarations.
src/components/auth/HandoffCodeDisplay.tsx(21,20): error TS2307: Cannot find module '@app/components/auth/HandoffCodeDisplay.module.css' or its corresponding type declarations.
src/components/auth/InstanceSelector.tsx(20,20): error TS2307: Cannot find module '@app/components/auth/InstanceSelector.module.css' or its corresponding type declarations.
src/components/auth/InviteHeader.tsx(20,20): error TS2307: Cannot find module '@app/components/auth/AuthPageStyles.module.css' or its corresponding type declarations.
src/components/auth/IpAuthorizationScreen.tsx(21,20): error TS2307: Cannot find module '@app/components/auth/IpAuthorizationScreen.module.css' or its corresponding type declarations.
src/components/auth/MfaScreen.tsx(21,20): error TS2307: Cannot find module '@app/components/auth/MfaScreen.module.css' or its corresponding type declarations.
src/components/auth/MockMinimalRegisterForm.tsx(20,24): error TS2307: Cannot find module '@app/components/auth/AuthPageStyles.module.css' or its corresponding type declarations.
src/components/auth/MockMinimalRegisterForm.tsx(21,23): error TS2307: Cannot find module '@app/components/auth/DateOfBirthField.module.css' or its corresponding type declarations.
src/components/auth/MockMinimalRegisterForm.tsx(23,25): error TS2307: Cannot find module '@app/components/form/Input.module.css' or its corresponding type declarations.
src/components/auth/SubmitTooltip.tsx(20,20): error TS2307: Cannot find module '@app/components/auth/SubmitTooltip.module.css' or its corresponding type declarations.
src/components/bottomsheets/ChannelDetailsBottomSheet.tsx(30,20): error TS2307: Cannot find module '@app/components/bottomsheets/ChannelDetailsBottomSheet.module.css' or its corresponding type declarations.
src/components/bottomsheets/ChannelDetailsBottomSheet.tsx(109,26): error TS2307: Cannot find module '@app/styles/Markup.module.css' or its corresponding type declarations.
src/components/bottomsheets/ChannelSearchBottomSheet.tsx(22,26): error TS2307: Cannot find module '@app/components/bottomsheets/shared.module.css' or its corresponding type declarations.
src/components/bottomsheets/ChannelSearchBottomSheet.tsx(53,20): error TS2307: Cannot find module '@app/styles/ChannelSearchBottomSheet.module.css' or its corresponding type declarations.
src/components/bottomsheets/CreateDMBottomSheet.tsx(22,20): error TS2307: Cannot find module '@app/components/bottomsheets/CreateDMBottomSheet.module.css' or its corresponding type declarations.
src/components/bottomsheets/DirectCallLobbyBottomSheet.tsx(25,20): error TS2307: Cannot find module '@app/components/bottomsheets/DirectCallLobbyBottomSheet.module.css' or its corresponding type declarations.
src/components/bottomsheets/EmojiInfoBottomSheet.tsx(20,20): error TS2307: Cannot find module '@app/components/bottomsheets/EmojiInfoBottomSheet.module.css' or its corresponding type declarations.
src/components/bottomsheets/FavoritesGuildHeaderBottomSheet.tsx(24,26): error TS2307: Cannot find module '@app/components/bottomsheets/shared.module.css' or its corresponding type declarations.
src/components/bottomsheets/GuildHeaderBottomSheet.tsx(20,26): error TS2307: Cannot find module '@app/components/bottomsheets/GuildHeaderBottomSheet.module.css' or its corresponding type declarations.
src/components/bottomsheets/MuteDurationSheet.tsx(20,20): error TS2307: Cannot find module '@app/components/bottomsheets/ChannelDetailsBottomSheet.module.css' or its corresponding type declarations.
src/components/bottomsheets/QuickSwitcherBottomSheet.tsx(21,20): error TS2307: Cannot find module '@app/components/bottomsheets/QuickSwitcherBottomSheet.module.css' or its corresponding type declarations.
src/components/bottomsheets/VoiceLobbyBottomSheet.tsx(24,20): error TS2307: Cannot find module '@app/components/bottomsheets/VoiceLobbyBottomSheet.module.css' or its corresponding type declarations.
src/components/bottomsheets/VoiceSettingsBottomSheets.tsx(25,26): error TS2307: Cannot find module '@app/components/bottomsheets/shared.module.css' or its corresponding type declarations.
src/components/channel/Autocomplete.tsx(21,20): error TS2307: Cannot find module '@app/components/channel/Autocomplete.module.css' or its corresponding type declarations.
src/components/channel/AutocompleteChannel.tsx(22,20): error TS2307: Cannot find module '@app/components/channel/AutocompleteChannel.module.css' or its corresponding type declarations.
src/components/channel/AutocompleteEmoji.tsx(22,20): error TS2307: Cannot find module '@app/components/channel/AutocompleteEmoji.module.css' or its corresponding type declarations.
src/components/channel/AutocompleteGif.tsx(21,20): error TS2307: Cannot find module '@app/components/channel/AutocompleteGif.module.css' or its corresponding type declarations.
src/components/channel/AutocompleteItem.tsx(20,20): error TS2307: Cannot find module '@app/components/channel/AutocompleteItem.module.css' or its corresponding type declarations.
src/components/channel/AutocompleteMeme.tsx(21,20): error TS2307: Cannot find module '@app/components/channel/AutocompleteEmoji.module.css' or its corresponding type declarations.
src/components/channel/AutocompleteMention.tsx(28,20): error TS2307: Cannot find module '@app/components/channel/AutocompleteMention.module.css' or its corresponding type declarations.
src/components/channel/AutocompleteSticker.tsx(22,20): error TS2307: Cannot find module '@app/components/channel/AutocompleteEmoji.module.css' or its corresponding type declarations.
src/components/channel/BlockedMessageGroups.tsx(20,20): error TS2307: Cannot find module '@app/components/channel/BlockedMessageGroups.module.css' or its corresponding type declarations.
src/components/channel/CallMessage.tsx(21,20): error TS2307: Cannot find module '@app/components/channel/CallMessage.module.css' or its corresponding type declarations.
src/components/channel/ChannelAttachmentArea.tsx(23,20): error TS2307: Cannot find module '@app/components/channel/ChannelAttachmentArea.module.css' or its corresponding type declarations.
src/components/channel/ChannelChatLayout.tsx(20,20): error TS2307: Cannot find module '@app/components/channel/ChannelChatLayout.module.css' or its corresponding type declarations.
src/components/channel/ChannelHeader.tsx(30,20): error TS2307: Cannot find module '@app/components/channel/ChannelHeader.module.css' or its corresponding type declarations.
src/components/channel/ChannelHeader.tsx(70,26): error TS2307: Cannot find module '@app/styles/Markup.module.css' or its corresponding type declarations.
src/components/channel/ChannelLayout.tsx(20,20): error TS2307: Cannot find module '@app/components/channel/ChannelLayout.module.css' or its corresponding type declarations.
src/components/channel/ChannelMembers.tsx(20,20): error TS2307: Cannot find module '@app/components/channel/ChannelMembers.module.css' or its corresponding type declarations.
src/components/channel/ChannelMessageStream.tsx(23,20): error TS2307: Cannot find module '@app/components/channel/Messages.module.css' or its corresponding type declarations.
src/components/channel/ChannelNameChangeMessage.tsx(24,20): error TS2307: Cannot find module '@app/styles/Message.module.css' or its corresponding type declarations.
src/components/channel/ChannelSearchResults.tsx(23,20): error TS2307: Cannot find module '@app/components/channel/ChannelSearchResults.module.css' or its corresponding type declarations.
src/components/channel/ChannelSourcePreview.tsx(20,20): error TS2307: Cannot find module '@app/components/channel/ChannelSourcePreview.module.css' or its corresponding type declarations.
src/components/channel/ChannelStickersArea.tsx(21,20): error TS2307: Cannot find module '@app/components/channel/ChannelStickersArea.module.css' or its corresponding type declarations.
src/components/channel/ChannelTextarea.tsx(40,27): error TS2307: Cannot find module '@app/components/channel/textarea/InputWrapper.module.css' or its corresponding type declarations.
src/components/channel/ChannelTextarea.tsx(45,20): error TS2307: Cannot find module '@app/components/channel/textarea/TextareaInput.module.css' or its corresponding type declarations.
src/components/channel/ChannelWelcomeSection.tsx(20,20): error TS2307: Cannot find module '@app/components/channel/ChannelWelcomeSection.module.css' or its corresponding type declarations.
src/components/channel/Divider.tsx(20,20): error TS2307: Cannot find module '@app/components/channel/Divider.module.css' or its corresponding type declarations.
src/components/channel/EditBar.tsx(21,20): error TS2307: Cannot find module '@app/components/channel/EditBar.module.css' or its corresponding type declarations.
src/components/channel/EditBar.tsx(22,27): error TS2307: Cannot find module '@app/components/channel/textarea/InputWrapper.module.css' or its corresponding type declarations.
src/components/channel/EditingMessageInput.tsx(22,27): error TS2307: Cannot find module '@app/components/channel/EditingMessageInput.module.css' or its corresponding type declarations.
src/components/channel/EditingMessageInput.tsx(25,20): error TS2307: Cannot find module '@app/components/channel/textarea/TextareaInput.module.css' or its corresponding type declarations.
src/components/channel/EmojiPicker.tsx(21,20): error TS2307: Cannot find module '@app/components/channel/EmojiPicker.module.css' or its corresponding type declarations.
src/components/channel/EmojiPicker.tsx(30,27): error TS2307: Cannot find module '@app/components/channel/PremiumUpsellBanner.module.css' or its corresponding type declarations.
src/components/channel/GiftEmbed.tsx(21,20): error TS2307: Cannot find module '@app/components/channel/GiftEmbed.module.css' or its corresponding type declarations.
src/components/channel/GiftEmbed.tsx(29,24): error TS2307: Cannot find module '@app/components/embeds/embed_card/EmbedCard.module.css' or its corresponding type declarations.
src/components/channel/GuildJoinMessage.tsx(20,20): error TS2307: Cannot find module '@app/components/channel/GuildJoinMessage.module.css' or its corresponding type declarations.
src/components/channel/GuildMembersPage.tsx(25,20): error TS2307: Cannot find module '@app/components/channel/GuildMembersPage.module.css' or its corresponding type declarations.
src/components/channel/InviteEmbed.tsx(21,20): error TS2307: Cannot find module '@app/components/channel/InviteEmbed.module.css' or its corresponding type declarations.
src/components/channel/InviteEmbed.tsx(38,24): error TS2307: Cannot find module '@app/components/embeds/embed_card/EmbedCard.module.css' or its corresponding type declarations.
src/components/channel/MemberListContainer.tsx(20,20): error TS2307: Cannot find module '@app/components/channel/MemberListContainer.module.css' or its corresponding type declarations.
src/components/channel/MemberListItem.tsx(21,20): error TS2307: Cannot find module '@app/components/channel/MemberListItem.module.css' or its corresponding type declarations.
src/components/channel/MentionEveryonePopout.tsx(20,20): error TS2307: Cannot find module '@app/components/channel/MentionEveryonePopout.module.css' or its corresponding type declarations.
src/components/channel/Message.tsx(41,20): error TS2307: Cannot find module '@app/styles/Message.module.css' or its corresponding type declarations.
src/components/channel/MessageActionBar.tsx(24,20): error TS2307: Cannot find module '@app/components/channel/MessageActionBar.module.css' or its corresponding type declarations.
src/components/channel/MessageActionBar.tsx(67,27): error TS2307: Cannot find module '@app/styles/Message.module.css' or its corresponding type declarations.
src/components/channel/MessageActionBottomSheet.tsx(20,20): error TS2307: Cannot find module '@app/components/channel/MessageActionBottomSheet.module.css' or its corresponding type declarations.
src/components/channel/MessageActionBottomSheet.tsx(24,33): error TS2307: Cannot find module '@app/components/channel/QuickReactionsRow.module.css' or its corresponding type declarations.
src/components/channel/MessageAttachments.tsx(27,20): error TS2307: Cannot find module '@app/components/channel/MessageAttachments.module.css' or its corresponding type declarations.
src/components/channel/MessageAttachments.tsx(44,26): error TS2307: Cannot find module '@app/styles/Markup.module.css' or its corresponding type declarations.
src/components/channel/MessageAuthorInfo.tsx(29,20): error TS2307: Cannot find module '@app/styles/Message.module.css' or its corresponding type declarations.
src/components/channel/MessageCharacterCounter.tsx(21,20): error TS2307: Cannot find module '@app/components/channel/MessageCharacterCounter.module.css' or its corresponding type declarations.
src/components/channel/MessageReactions.tsx(30,20): error TS2307: Cannot find module '@app/components/channel/MessageReactions.module.css' or its corresponding type declarations.
src/components/channel/MessageReactionsSheet.tsx(23,20): error TS2307: Cannot find module '@app/components/channel/MessageReactionsSheet.module.css' or its corresponding type declarations.
src/components/channel/MessageUploadProgress.tsx(21,20): error TS2307: Cannot find module '@app/components/channel/MessageUploadProgress.module.css' or its corresponding type declarations.
src/components/channel/MessageUsername.tsx(29,20): error TS2307: Cannot find module '@app/styles/Message.module.css' or its corresponding type declarations.
src/components/channel/Messages.tsx(24,20): error TS2307: Cannot find module '@app/components/channel/Messages.module.css' or its corresponding type declarations.
src/components/channel/MobileEmojiPicker.tsx(26,26): error TS2307: Cannot find module '@app/components/channel/MobileEmojiPicker.module.css' or its corresponding type declarations.
src/components/channel/MobileEmojiPicker.tsx(28,27): error TS2307: Cannot find module '@app/components/channel/PremiumUpsellBanner.module.css' or its corresponding type declarations.
src/components/channel/MobileMemesPicker.tsx(23,20): error TS2307: Cannot find module '@app/components/channel/GifPicker.module.css' or its corresponding type declarations.
src/components/channel/MobileMemesPicker.tsx(24,24): error TS2307: Cannot find module '@app/components/channel/MemesPicker.module.css' or its corresponding type declarations.
src/components/channel/MobileStickersPicker.tsx(21,26): error TS2307: Cannot find module '@app/components/channel/MobileEmojiPicker.module.css' or its corresponding type declarations.
src/components/channel/MobileStickersPicker.tsx(23,27): error TS2307: Cannot find module '@app/components/channel/PremiumUpsellBanner.module.css' or its corresponding type declarations.
src/components/channel/MobileStickersPicker.tsx(24,27): error TS2307: Cannot find module '@app/components/channel/StickersPicker.module.css' or its corresponding type declarations.
src/components/channel/NSFWChannelGate.tsx(21,20): error TS2307: Cannot find module '@app/components/channel/NSFWChannelGate.module.css' or its corresponding type declarations.
src/components/channel/NewMessagesBar.tsx(20,20): error TS2307: Cannot find module '@app/components/channel/Messages.module.css' or its corresponding type declarations.
src/components/channel/PinSystemMessage.tsx(26,20): error TS2307: Cannot find module '@app/styles/Message.module.css' or its corresponding type declarations.
src/components/channel/PremiumUpsellBanner.tsx(21,20): error TS2307: Cannot find module '@app/components/channel/PremiumUpsellBanner.module.css' or its corresponding type declarations.
src/components/channel/QuickReactionsRow.tsx(20,20): error TS2307: Cannot find module '@app/components/channel/QuickReactionsRow.module.css' or its corresponding type declarations.
src/components/channel/RecipientAddMessage.tsx(20,20): error TS2307: Cannot find module '@app/components/channel/RecipientAddMessage.module.css' or its corresponding type declarations.
src/components/channel/RecipientRemoveMessage.tsx(20,20): error TS2307: Cannot find module '@app/components/channel/RecipientRemoveMessage.module.css' or its corresponding type declarations.
src/components/channel/ReplyBar.tsx(21,20): error TS2307: Cannot find module '@app/components/channel/ReplyBar.module.css' or its corresponding type declarations.
src/components/channel/ReplyBar.tsx(22,27): error TS2307: Cannot find module '@app/components/channel/textarea/InputWrapper.module.css' or its corresponding type declarations.
src/components/channel/ReplyPreview.tsx(29,26): error TS2307: Cannot find module '@app/styles/Markup.module.css' or its corresponding type declarations.
src/components/channel/ReplyPreview.tsx(30,20): error TS2307: Cannot find module '@app/styles/Message.module.css' or its corresponding type declarations.
src/components/channel/ScheduledMessageEditBar.tsx(20,20): error TS2307: Cannot find module '@app/components/channel/ScheduledMessageEditBar.module.css' or its corresponding type declarations.
src/components/channel/ScheduledMessageEditBar.tsx(21,27): error TS2307: Cannot find module '@app/components/channel/textarea/InputWrapper.module.css' or its corresponding type declarations.
src/components/channel/ScrollFillerSkeleton.tsx(20,20): error TS2307: Cannot find module '@app/components/channel/ScrollFillerSkeleton.module.css' or its corresponding type declarations.
src/components/channel/SlowmodeIndicator.tsx(20,20): error TS2307: Cannot find module '@app/components/channel/SlowmodeIndicator.module.css' or its corresponding type declarations.
src/components/channel/StickersPicker.tsx(21,20): error TS2307: Cannot find module '@app/components/channel/EmojiPicker.module.css' or its corresponding type declarations.
src/components/channel/StickersPicker.tsx(22,23): error TS2307: Cannot find module '@app/components/channel/GifPicker.module.css' or its corresponding type declarations.
src/components/channel/StickersPicker.tsx(24,27): error TS2307: Cannot find module '@app/components/channel/PremiumUpsellBanner.module.css' or its corresponding type declarations.
src/components/channel/SystemMessage.tsx(24,20): error TS2307: Cannot find module '@app/styles/Message.module.css' or its corresponding type declarations.
src/components/channel/SystemMessageUsername.tsx(26,20): error TS2307: Cannot find module '@app/styles/Message.module.css' or its corresponding type declarations.
src/components/channel/ThemeEmbed.tsx(21,20): error TS2307: Cannot find module '@app/components/channel/ThemeEmbed.module.css' or its corresponding type declarations.
src/components/channel/ThemeEmbed.tsx(29,24): error TS2307: Cannot find module '@app/components/embeds/embed_card/EmbedCard.module.css' or its corresponding type declarations.
src/components/channel/TimestampWithTooltip.tsx(20,20): error TS2307: Cannot find module '@app/components/channel/TimestampWithTooltip.module.css' or its corresponding type declarations.
src/components/channel/Typing.tsx(20,20): error TS2307: Cannot find module '@app/styles/Typing.module.css' or its corresponding type declarations.
src/components/channel/TypingUsers.tsx(21,20): error TS2307: Cannot find module '@app/components/channel/TypingUsers.module.css' or its corresponding type declarations.
src/components/channel/TypingUsers.tsx(32,27): error TS2307: Cannot find module '@app/styles/Message.module.css' or its corresponding type declarations.
src/components/channel/UnknownMessage.tsx(28,20): error TS2307: Cannot find module '@app/styles/Message.module.css' or its corresponding type declarations.
src/components/channel/UnreadDividerSlot.tsx(20,27): error TS2307: Cannot find module '@app/components/channel/Divider.module.css' or its corresponding type declarations.
src/components/channel/UnreadDividerSlot.tsx(21,20): error TS2307: Cannot find module '@app/components/channel/Messages.module.css' or its corresponding type declarations.
src/components/channel/UserMessage.tsx(43,26): error TS2307: Cannot find module '@app/styles/Markup.module.css' or its corresponding type declarations.
src/components/channel/UserMessage.tsx(44,20): error TS2307: Cannot find module '@app/styles/Message.module.css' or its corresponding type declarations.
src/components/channel/UserTag.tsx(20,20): error TS2307: Cannot find module '@app/components/channel/UserTag.module.css' or its corresponding type declarations.
src/components/channel/VoiceMessageRecorder.tsx(20,26): error TS2307: Cannot find module '@app/components/channel/textarea/MobileTextareaLayout.module.css' or its corresponding type declarations.
src/components/channel/VoiceMessageRecorder.tsx(21,20): error TS2307: Cannot find module '@app/components/channel/VoiceMessageRecorder.module.css' or its corresponding type declarations.
src/components/channel/active_now/ActiveNowSidebar.tsx(20,20): error TS2307: Cannot find module '@app/components/channel/active_now/ActiveNowSidebar.module.css' or its corresponding type declarations.
src/components/channel/barriers/BarrierComponents.tsx(22,20): error TS2307: Cannot find module '@app/components/channel/barriers/BarrierComponents.module.css' or its corresponding type declarations.
src/components/channel/barriers/BarrierComponents.tsx(23,27): error TS2307: Cannot find module '@app/components/channel/textarea/InputWrapper.module.css' or its corresponding type declarations.
src/components/channel/barriers/BarrierComponents.tsx(24,28): error TS2307: Cannot find module '@app/components/channel/textarea/TextareaInput.module.css' or its corresponding type declarations.
src/components/channel/channel_header_components/ChannelHeaderIcon.tsx(20,20): error TS2307: Cannot find module '@app/components/channel/ChannelHeader.module.css' or its corresponding type declarations.
src/components/channel/channel_header_components/ChannelNotificationSettingsDropdown.tsx(24,24): error TS2307: Cannot find module '@app/components/uikit/context_menu/items/MenuItems.module.css' or its corresponding type declarations.
src/components/channel/channel_header_components/ChannelNotificationSettingsDropdown.tsx(27,28): error TS2307: Cannot find module '@app/components/uikit/context_menu/MenuItem.module.css' or its corresponding type declarations.
src/components/channel/channel_header_components/ChannelPinsButton.tsx(21,20): error TS2307: Cannot find module '@app/components/channel/ChannelHeader.module.css' or its corresponding type declarations.
src/components/channel/channel_header_components/UpdaterIcon.tsx(20,20): error TS2307: Cannot find module '@app/components/channel/ChannelHeader.module.css' or its corresponding type declarations.
src/components/channel/channel_view/ChannelViewScaffold.tsx(20,20): error TS2307: Cannot find module '@app/components/channel/ChannelIndexPage.module.css' or its corresponding type declarations.
src/components/channel/channel_view/DMChannelView.tsx(30,20): error TS2307: Cannot find module '@app/components/channel/ChannelIndexPage.module.css' or its corresponding type declarations.
src/components/channel/channel_view/DMChannelView.tsx(37,22): error TS2307: Cannot find module '@app/components/channel/direct_message/DMChannelView.module.css' or its corresponding type declarations.
src/components/channel/channel_view/GuildChannelView.tsx(30,20): error TS2307: Cannot find module '@app/components/channel/ChannelIndexPage.module.css' or its corresponding type declarations.
src/components/channel/direct_message/AddFriendForm.tsx(21,20): error TS2307: Cannot find module '@app/components/channel/direct_message/AddFriendForm.module.css' or its corresponding type declarations.
src/components/channel/direct_message/AddFriendView.tsx(21,20): error TS2307: Cannot find module '@app/components/channel/direct_message/AddFriendView.module.css' or its corresponding type declarations.
src/components/channel/direct_message/DMFriendsView.tsx(24,20): error TS2307: Cannot find module '@app/components/channel/direct_message/DMFriendsView.module.css' or its corresponding type declarations.
src/components/channel/direct_message/DMLayout.tsx(22,20): error TS2307: Cannot find module '@app/components/channel/direct_message/DMLayout.module.css' or its corresponding type declarations.
src/components/channel/direct_message/DMList.tsx(38,20): error TS2307: Cannot find module '@app/components/channel/direct_message/DMList.module.css' or its corresponding type declarations.
src/components/channel/direct_message/DMWelcomeSection.tsx(23,20): error TS2307: Cannot find module '@app/components/channel/direct_message/DMWelcomeSection.module.css' or its corresponding type declarations.
src/components/channel/direct_message/GroupDMWelcomeSection.tsx(23,20): error TS2307: Cannot find module '@app/components/channel/direct_message/GroupDMWelcomeSection.module.css' or its corresponding type declarations.
src/components/channel/direct_message/PersonalNotesWelcomeSection.tsx(20,20): error TS2307: Cannot find module '@app/components/channel/direct_message/PersonalNotesWelcomeSection.module.css' or its corresponding type declarations.
src/components/channel/embeds/AltTextBadge.tsx(20,20): error TS2307: Cannot find module '@app/components/channel/embeds/AltTextBadge.module.css' or its corresponding type declarations.
src/components/channel/embeds/Embed.tsx(24,20): error TS2307: Cannot find module '@app/components/channel/embeds/Embed.module.css' or its corresponding type declarations.
src/components/channel/embeds/Embed.tsx(44,26): error TS2307: Cannot find module '@app/styles/Markup.module.css' or its corresponding type declarations.
src/components/channel/embeds/Embed.tsx(45,27): error TS2307: Cannot find module '@app/styles/Message.module.css' or its corresponding type declarations.
src/components/channel/embeds/NSFWBlurOverlay.tsx(20,20): error TS2307: Cannot find module '@app/components/channel/embeds/NSFWBlurOverlay.module.css' or its corresponding type declarations.
src/components/channel/embeds/attachments/Attachment.tsx(20,20): error TS2307: Cannot find module '@app/components/channel/embeds/attachments/Attachment.module.css' or its corresponding type declarations.
src/components/channel/embeds/attachments/Attachment.tsx(30,27): error TS2307: Cannot find module '@app/components/common/SpoilerOverlay.module.css' or its corresponding type declarations.
src/components/channel/embeds/attachments/Attachment.tsx(36,27): error TS2307: Cannot find module '@app/styles/Message.module.css' or its corresponding type declarations.
src/components/channel/embeds/attachments/AttachmentFile.tsx(30,34): error TS2307: Cannot find module '@app/styles/AttachmentFile.module.css' or its corresponding type declarations.
src/components/channel/embeds/attachments/AttachmentFile.tsx(31,27): error TS2307: Cannot find module '@app/styles/Message.module.css' or its corresponding type declarations.
src/components/channel/embeds/attachments/AttachmentGridItem.tsx(32,27): error TS2307: Cannot find module '@app/components/common/SpoilerOverlay.module.css' or its corresponding type declarations.
src/components/channel/embeds/attachments/AttachmentGridItem.tsx(42,20): error TS2307: Cannot find module '@app/styles/AttachmentGridItem.module.css' or its corresponding type declarations.
src/components/channel/embeds/attachments/AttachmentLayoutGrid.tsx(22,20): error TS2307: Cannot find module '@app/styles/AttachmentLayoutGrid.module.css' or its corresponding type declarations.
src/components/channel/embeds/attachments/AttachmentMosaic.tsx(25,20): error TS2307: Cannot find module '@app/styles/AttachmentMosaic.module.css' or its corresponding type declarations.
src/components/channel/embeds/attachments/AttachmentSingleMedia.tsx(24,27): error TS2307: Cannot find module '@app/components/common/SpoilerOverlay.module.css' or its corresponding type declarations.
src/components/channel/embeds/attachments/AttachmentSingleMedia.tsx(26,20): error TS2307: Cannot find module '@app/styles/AttachmentSingleMedia.module.css' or its corresponding type declarations.
src/components/channel/embeds/attachments/TextualAttachmentCodePanel.tsx(20,20): error TS2307: Cannot find module '@app/components/channel/embeds/attachments/TextualAttachmentPreview.module.css' or its corresponding type declarations.
src/components/channel/embeds/attachments/TextualAttachmentLanguagePopout.tsx(20,20): error TS2307: Cannot find module '@app/components/channel/embeds/attachments/TextualAttachmentPreview.module.css' or its corresponding type declarations.
src/components/channel/embeds/attachments/TextualAttachmentPreview.tsx(22,20): error TS2307: Cannot find module '@app/components/channel/embeds/attachments/TextualAttachmentPreview.module.css' or its corresponding type declarations.
src/components/channel/embeds/attachments/TextualAttachmentPreviewBottomSheet.tsx(21,20): error TS2307: Cannot find module '@app/components/channel/embeds/attachments/TextualAttachmentPreviewBottomSheet.module.css' or its corresponding type declarations.
src/components/channel/embeds/attachments/TextualAttachmentPreviewFooter.tsx(21,20): error TS2307: Cannot find module '@app/components/channel/embeds/attachments/TextualAttachmentPreview.module.css' or its corresponding type declarations.
src/components/channel/embeds/attachments/TextualAttachmentPreviewModal.tsx(21,20): error TS2307: Cannot find module '@app/components/channel/embeds/attachments/TextualAttachmentPreview.module.css' or its corresponding type declarations.
src/components/channel/embeds/media/EmbedAudio.tsx(22,20): error TS2307: Cannot find module '@app/components/channel/embeds/media/EmbedAudio.module.css' or its corresponding type declarations.
src/components/channel/embeds/media/EmbedAudio.tsx(31,27): error TS2307: Cannot find module '@app/styles/Message.module.css' or its corresponding type declarations.
src/components/channel/embeds/media/EmbedGifv.tsx(23,25): error TS2307: Cannot find module '@app/components/channel/embeds/Embed.module.css' or its corresponding type declarations.
src/components/channel/embeds/media/EmbedGifv.tsx(25,20): error TS2307: Cannot find module '@app/components/channel/embeds/media/EmbedGifv.module.css' or its corresponding type declarations.
src/components/channel/embeds/media/EmbedImage.tsx(24,20): error TS2307: Cannot find module '@app/components/channel/embeds/media/EmbedImage.module.css' or its corresponding type declarations.
src/components/channel/embeds/media/EmbedVideo.tsx(24,20): error TS2307: Cannot find module '@app/components/channel/embeds/media/EmbedVideo.module.css' or its corresponding type declarations.
src/components/channel/embeds/media/EmbedYouTube.tsx(20,20): error TS2307: Cannot find module '@app/components/channel/embeds/media/EmbedYouTube.module.css' or its corresponding type declarations.
src/components/channel/embeds/media/GifIndicator.tsx(20,20): error TS2307: Cannot find module '@app/components/channel/embeds/media/GifIndicator.module.css' or its corresponding type declarations.
src/components/channel/embeds/media/MediaButtons.tsx(20,20): error TS2307: Cannot find module '@app/components/channel/embeds/media/MediaButtons.module.css' or its corresponding type declarations.
src/components/channel/embeds/media/MediaContainer.tsx(20,25): error TS2307: Cannot find module '@app/components/channel/embeds/media/MediaContainer.module.css' or its corresponding type declarations.
src/components/channel/embeds/media/VoiceMessagePlayer.tsx(22,20): error TS2307: Cannot find module '@app/components/channel/embeds/media/VoiceMessagePlayer.module.css' or its corresponding type declarations.
src/components/channel/emoji_picker/EmojiPickerCategoryList.tsx(20,20): error TS2307: Cannot find module '@app/components/channel/EmojiPicker.module.css' or its corresponding type declarations.
src/components/channel/emoji_picker/EmojiPickerInspector.tsx(20,20): error TS2307: Cannot find module '@app/components/channel/EmojiPicker.module.css' or its corresponding type declarations.
src/components/channel/emoji_picker/EmojiPickerSearchBar.tsx(20,20): error TS2307: Cannot find module '@app/components/channel/emoji_picker/EmojiPickerSearchBar.module.css' or its corresponding type declarations.
src/components/channel/emoji_picker/EmojiRenderer.tsx(23,20): error TS2307: Cannot find module '@app/components/channel/EmojiPicker.module.css' or its corresponding type declarations.
src/components/channel/emoji_picker/SkinToneSelector.tsx(21,20): error TS2307: Cannot find module '@app/components/channel/EmojiPicker.module.css' or its corresponding type declarations.
src/components/channel/emoji_picker/VirtualRow.tsx(21,20): error TS2307: Cannot find module '@app/components/channel/EmojiPicker.module.css' or its corresponding type declarations.
src/components/channel/friends/ActionButton.tsx(20,20): error TS2307: Cannot find module '@app/components/channel/friends/ActionButton.module.css' or its corresponding type declarations.
src/components/channel/friends/EmptyStateView.tsx(20,20): error TS2307: Cannot find module '@app/components/channel/friends/EmptyStateView.module.css' or its corresponding type declarations.
src/components/channel/friends/FriendListItem.tsx(27,20): error TS2307: Cannot find module '@app/components/channel/friends/FriendListItem.module.css' or its corresponding type declarations.
src/components/channel/friends/ListSection.tsx(20,20): error TS2307: Cannot find module '@app/components/channel/friends/ListSection.module.css' or its corresponding type declarations.
src/components/channel/friends/MobileFriendRequestItem.tsx(24,20): error TS2307: Cannot find module '@app/components/channel/friends/MobileFriendRequestItem.module.css' or its corresponding type declarations.
src/components/channel/friends/views/FriendsList.tsx(23,20): error TS2307: Cannot find module '@app/components/channel/friends/views/FriendsList.module.css' or its corresponding type declarations.
src/components/channel/friends/views/PendingFriendsView.tsx(23,20): error TS2307: Cannot find module '@app/components/channel/friends/views/PendingFriendsView.module.css' or its corresponding type declarations.
src/components/channel/message_search_bar/AutocompleteOption.tsx(20,20): error TS2307: Cannot find module '@app/components/channel/message_search_bar/MessageSearchBar.module.css' or its corresponding type declarations.
src/components/channel/message_search_bar/ChannelsSection.tsx(21,20): error TS2307: Cannot find module '@app/components/channel/message_search_bar/MessageSearchBar.module.css' or its corresponding type declarations.
src/components/channel/message_search_bar/DateSection.tsx(21,20): error TS2307: Cannot find module '@app/components/channel/message_search_bar/MessageSearchBar.module.css' or its corresponding type declarations.
src/components/channel/message_search_bar/FilterOption.tsx(20,20): error TS2307: Cannot find module '@app/components/channel/message_search_bar/MessageSearchBar.module.css' or its corresponding type declarations.
src/components/channel/message_search_bar/HistorySection.tsx(22,20): error TS2307: Cannot find module '@app/components/channel/message_search_bar/MessageSearchBar.module.css' or its corresponding type declarations.
src/components/channel/message_search_bar/MessageSearchBar.tsx(25,20): error TS2307: Cannot find module '@app/components/channel/message_search_bar/MessageSearchBar.module.css' or its corresponding type declarations.
src/components/channel/message_search_bar/UsersSection.tsx(21,20): error TS2307: Cannot find module '@app/components/channel/message_search_bar/MessageSearchBar.module.css' or its corresponding type declarations.
src/components/channel/message_search_bar/ValuesSection.tsx(21,20): error TS2307: Cannot find module '@app/components/channel/message_search_bar/MessageSearchBar.module.css' or its corresponding type declarations.
src/components/channel/pickers/gif/GifPickerGrid.tsx(22,20): error TS2307: Cannot find module '@app/components/channel/GifPicker.module.css' or its corresponding type declarations.
src/components/channel/pickers/gif/GifPickerGridItem.tsx(23,20): error TS2307: Cannot find module '@app/components/channel/GifPicker.module.css' or its corresponding type declarations.
src/components/channel/pickers/gif/GifPickerHeader.tsx(20,20): error TS2307: Cannot find module '@app/components/channel/GifPicker.module.css' or its corresponding type declarations.
src/components/channel/pickers/gif/GifPickerHeader.tsx(23,37): error TS2307: Cannot find module '@app/components/channel/shared/PickerSearchInput.module.css' or its corresponding type declarations.
src/components/channel/pickers/gif/GifPickerView.tsx(20,20): error TS2307: Cannot find module '@app/components/channel/GifPicker.module.css' or its corresponding type declarations.
src/components/channel/pickers/memes/MemeGridItem.tsx(23,23): error TS2307: Cannot find module '@app/components/channel/GifPicker.module.css' or its corresponding type declarations.
src/components/channel/pickers/memes/MemeGridItem.tsx(25,20): error TS2307: Cannot find module '@app/components/channel/MemesPicker.module.css' or its corresponding type declarations.
src/components/channel/pickers/memes/MemesPickerHeader.tsx(20,20): error TS2307: Cannot find module '@app/components/channel/MemesPicker.module.css' or its corresponding type declarations.
src/components/channel/pickers/memes/MemesPickerView.tsx(20,23): error TS2307: Cannot find module '@app/components/channel/GifPicker.module.css' or its corresponding type declarations.
src/components/channel/shared/MemberListUnavailableFallback.tsx(20,20): error TS2307: Cannot find module '@app/components/channel/shared/MemberListUnavailableFallback.module.css' or its corresponding type declarations.
src/components/channel/shared/PickerEmptyState.tsx(20,26): error TS2307: Cannot find module '@app/components/channel/ExpressionPickerShared.module.css' or its corresponding type declarations.
src/components/channel/shared/PickerSearchInput.tsx(20,20): error TS2307: Cannot find module '@app/components/channel/shared/PickerSearchInput.module.css' or its corresponding type declarations.
src/components/channel/sticker_picker/StickerPickerCategoryList.tsx(20,20): error TS2307: Cannot find module '@app/components/channel/EmojiPicker.module.css' or its corresponding type declarations.
src/components/channel/sticker_picker/StickerPickerInspector.tsx(20,20): error TS2307: Cannot find module '@app/components/channel/EmojiPicker.module.css' or its corresponding type declarations.
src/components/channel/sticker_picker/VirtualRow.tsx(24,20): error TS2307: Cannot find module '@app/components/channel/sticker_picker/VirtualRow.module.css' or its corresponding type declarations.
src/components/channel/textarea/HoldToRecordButton.tsx(21,20): error TS2307: Cannot find module '@app/components/channel/textarea/TextareaButtons.module.css' or its corresponding type declarations.
src/components/channel/textarea/MobileTextareaLayout.tsx(21,27): error TS2307: Cannot find module '@app/components/channel/textarea/InputWrapper.module.css' or its corresponding type declarations.
src/components/channel/textarea/MobileTextareaLayout.tsx(22,20): error TS2307: Cannot find module '@app/components/channel/textarea/MobileTextareaLayout.module.css' or its corresponding type declarations.
src/components/channel/textarea/MobileTextareaLayout.tsx(23,28): error TS2307: Cannot find module '@app/components/channel/textarea/TextareaInput.module.css' or its corresponding type declarations.
src/components/channel/textarea/TextareaButton.tsx(20,20): error TS2307: Cannot find module '@app/components/channel/textarea/TextareaButton.module.css' or its corresponding type declarations.
src/components/channel/textarea/TextareaButtons.tsx(22,35): error TS2307: Cannot find module '@app/components/channel/textarea/TextareaButtons.module.css' or its corresponding type declarations.
src/components/channel/textarea/TextareaButtons.tsx(23,20): error TS2307: Cannot find module '@app/components/channel/textarea/TextareaInput.module.css' or its corresponding type declarations.
src/components/channel/textarea/TextareaInputField.tsx(22,20): error TS2307: Cannot find module '@app/components/channel/textarea/TextareaInput.module.css' or its corresponding type declarations.
src/components/common/ExpiryFootnote.tsx(21,20): error TS2307: Cannot find module '@app/components/common/ExpiryFootnote.module.css' or its corresponding type declarations.
src/components/common/ExternalLink.tsx(20,20): error TS2307: Cannot find module '@app/components/common/ExternalLink.module.css' or its corresponding type declarations.
src/components/common/FriendSelector.tsx(20,20): error TS2307: Cannot find module '@app/components/common/FriendSelector.module.css' or its corresponding type declarations.
src/components/common/GroupDMAvatar.tsx(21,20): error TS2307: Cannot find module '@app/components/common/GroupDMAvatar.module.css' or its corresponding type declarations.
src/components/common/GroupDMAvatar.tsx(24,30): error TS2307: Cannot find module '@app/components/uikit/BaseAvatar.module.css' or its corresponding type declarations.
src/components/common/InstanceBadge.tsx(20,20): error TS2307: Cannot find module '@app/components/common/InstanceBadge.module.css' or its corresponding type declarations.
src/components/common/SpoilerOverlay.tsx(20,20): error TS2307: Cannot find module '@app/components/common/SpoilerOverlay.module.css' or its corresponding type declarations.
src/components/common/custom_status_display/CustomStatusDisplay.tsx(20,20): error TS2307: Cannot find module '@app/components/common/custom_status_display/CustomStatusDisplay.module.css' or its corresponding type declarations.
src/components/debug/DebugModal.tsx(20,20): error TS2307: Cannot find module '@app/components/debug/DebugModal.module.css' or its corresponding type declarations.
src/components/debug/DebugModal.tsx(26,26): error TS2307: Cannot find module '@app/styles/Markup.module.css' or its corresponding type declarations.
src/components/embeds/embed_card/EmbedCard.tsx(20,20): error TS2307: Cannot find module '@app/components/embeds/embed_card/EmbedCard.module.css' or its corresponding type declarations.
src/components/emojis/EmojiInfoContent.tsx(21,20): error TS2307: Cannot find module '@app/components/emojis/EmojiInfoContent.module.css' or its corresponding type declarations.
src/components/emojis/EmojiListItem.tsx(24,20): error TS2307: Cannot find module '@app/components/emojis/EmojiListItem.module.css' or its corresponding type declarations.
src/components/favorites/FavoritesWelcomeSection.tsx(21,20): error TS2307: Cannot find module '@app/components/favorites/FavoritesWelcomeSection.module.css' or its corresponding type declarations.
src/components/form/ColorPickerField.tsx(20,20): error TS2307: Cannot find module '@app/components/form/ColorPickerField.module.css' or its corresponding type declarations.
src/components/form/ColorPickerField.tsx(21,27): error TS2307: Cannot find module '@app/components/form/FormSurface.module.css' or its corresponding type declarations.
src/components/form/DateTimePickerField.tsx(20,20): error TS2307: Cannot find module '@app/components/form/DateTimePickerField.module.css' or its corresponding type declarations.
src/components/form/DateTimePickerField.tsx(21,27): error TS2307: Cannot find module '@app/components/form/FormSurface.module.css' or its corresponding type declarations.
src/components/form/FormErrorText.tsx(20,20): error TS2307: Cannot find module '@app/components/form/FormErrorText.module.css' or its corresponding type declarations.
src/components/form/Input.tsx(20,27): error TS2307: Cannot find module '@app/components/form/FormSurface.module.css' or its corresponding type declarations.
src/components/form/Input.tsx(21,20): error TS2307: Cannot find module '@app/components/form/Input.module.css' or its corresponding type declarations.
src/components/form/Input.tsx(32,28): error TS2307: Cannot find module '@app/styles/Scroller.module.css' or its corresponding type declarations.
src/components/form/Select.tsx(20,20): error TS2307: Cannot find module '@app/components/form/Select.module.css' or its corresponding type declarations.
src/components/form/SelectBottomSheet.tsx(21,20): error TS2307: Cannot find module '@app/components/form/SelectBottomSheet.module.css' or its corresponding type declarations.
src/components/form/Switch.tsx(20,20): error TS2307: Cannot find module '@app/components/form/Switch.module.css' or its corresponding type declarations.
src/components/form/UsernameValidationRules.tsx(20,20): error TS2307: Cannot find module '@app/components/form/UsernameValidationRules.module.css' or its corresponding type declarations.
src/components/guild/GuildBadge.tsx(20,20): error TS2307: Cannot find module '@app/components/guild/GuildBadge.module.css' or its corresponding type declarations.
src/components/guild/RoleManagement.tsx(24,20): error TS2307: Cannot find module '@app/components/guild/RoleManagement.module.css' or its corresponding type declarations.
src/components/guild/RoleManagement.tsx(27,27): error TS2307: Cannot find module '@app/components/popouts/UserProfilePopout.module.css' or its corresponding type declarations.
src/components/guild/RoleManagement.tsx(29,24): error TS2307: Cannot find module '@app/components/uikit/context_menu/items/MenuItems.module.css' or its corresponding type declarations.
src/components/guild/UploadDropZone.tsx(20,20): error TS2307: Cannot find module '@app/components/guild/UploadDropZone.module.css' or its corresponding type declarations.
src/components/guild/UploadSlotInfo.tsx(20,20): error TS2307: Cannot find module '@app/components/guild/UploadSlotInfo.module.css' or its corresponding type declarations.
src/components/invites/DisableInvitesButton.tsx(23,20): error TS2307: Cannot find module '@app/components/invites/DisableInvitesButton.module.css' or its corresponding type declarations.
src/components/invites/InviteDateToggle.tsx(20,20): error TS2307: Cannot find module '@app/components/invites/InviteDateToggle.module.css' or its corresponding type declarations.
src/components/invites/InviteListItem.tsx(21,20): error TS2307: Cannot find module '@app/components/invites/InviteListItem.module.css' or its corresponding type declarations.
src/components/keybinds/KeybindRecorder.tsx(20,20): error TS2307: Cannot find module '@app/components/keybinds/KeybindRecorder.module.css' or its corresponding type declarations.
src/components/layout/AppLayout.tsx(23,20): error TS2307: Cannot find module '@app/components/layout/AppLayout.module.css' or its corresponding type declarations.
src/components/layout/AuthLayout.tsx(22,20): error TS2307: Cannot find module '@app/components/layout/AuthLayout.module.css' or its corresponding type declarations.
src/components/layout/ChannelItem.tsx(33,20): error TS2307: Cannot find module '@app/components/layout/ChannelItem.module.css' or its corresponding type declarations.
src/components/layout/ChannelItem.tsx(36,38): error TS2307: Cannot find module '@app/components/layout/ChannelItemSurface.module.css' or its corresponding type declarations.
src/components/layout/ChannelItemContent.tsx(20,20): error TS2307: Cannot find module '@app/components/layout/ChannelItem.module.css' or its corresponding type declarations.
src/components/layout/ChannelItemIcon.tsx(20,20): error TS2307: Cannot find module '@app/components/layout/ChannelItemIcon.module.css' or its corresponding type declarations.
src/components/layout/ChannelListContent.tsx(26,31): error TS2307: Cannot find module '@app/components/layout/ChannelItem.module.css' or its corresponding type declarations.
src/components/layout/ChannelListContent.tsx(28,20): error TS2307: Cannot find module '@app/components/layout/ChannelListContent.module.css' or its corresponding type declarations.
src/components/layout/ChannelListSkeleton.tsx(20,20): error TS2307: Cannot find module '@app/components/layout/GuildNavbarSkeleton.module.css' or its corresponding type declarations.
src/components/layout/CollapsedCategoryVoiceParticipants.tsx(20,20): error TS2307: Cannot find module '@app/components/layout/CollapsedCategoryVoiceParticipants.module.css' or its corresponding type declarations.
src/components/layout/DropIndicator.tsx(20,20): error TS2307: Cannot find module '@app/components/layout/DropIndicator.module.css' or its corresponding type declarations.
src/components/layout/FavoritesChannelListContent.tsx(25,31): error TS2307: Cannot find module '@app/components/layout/ChannelItem.module.css' or its corresponding type declarations.
src/components/layout/FavoritesChannelListContent.tsx(27,38): error TS2307: Cannot find module '@app/components/layout/ChannelItemSurface.module.css' or its corresponding type declarations.
src/components/layout/FavoritesChannelListContent.tsx(28,20): error TS2307: Cannot find module '@app/components/layout/ChannelListContent.module.css' or its corresponding type declarations.
src/components/layout/FavoritesChannelListContent.tsx(31,40): error TS2307: Cannot find module '@app/components/layout/FavoritesChannelListContent.module.css' or its corresponding type declarations.
src/components/layout/FavoritesGuildHeader.tsx(22,20): error TS2307: Cannot find module '@app/components/layout/FavoritesGuildHeader.module.css' or its corresponding type declarations.
src/components/layout/FavoritesGuildHeader.tsx(23,31): error TS2307: Cannot find module '@app/components/layout/GuildHeader.module.css' or its corresponding type declarations.
src/components/layout/FavoritesLayout.tsx(23,20): error TS2307: Cannot find module '@app/components/layout/GuildLayout.module.css' or its corresponding type declarations.
src/components/layout/GenericChannelItem.tsx(21,31): error TS2307: Cannot find module '@app/components/layout/ChannelItem.module.css' or its corresponding type declarations.
src/components/layout/GenericChannelItem.tsx(22,38): error TS2307: Cannot find module '@app/components/layout/ChannelItemSurface.module.css' or its corresponding type declarations.
src/components/layout/GroupedVoiceParticipant.tsx(23,20): error TS2307: Cannot find module '@app/components/layout/GroupedVoiceParticipant.module.css' or its corresponding type declarations.
src/components/layout/GuildDetachedBanner.tsx(20,20): error TS2307: Cannot find module '@app/components/layout/GuildDetachedBanner.module.css' or its corresponding type declarations.
src/components/layout/GuildHeader.tsx(23,20): error TS2307: Cannot find module '@app/components/layout/GuildHeader.module.css' or its corresponding type declarations.
src/components/layout/GuildHeaderShell.tsx(21,20): error TS2307: Cannot find module '@app/components/layout/GuildHeader.module.css' or its corresponding type declarations.
src/components/layout/GuildLayout.tsx(25,20): error TS2307: Cannot find module '@app/components/layout/GuildLayout.module.css' or its corresponding type declarations.
src/components/layout/GuildNavbarSkeleton.tsx(20,20): error TS2307: Cannot find module '@app/components/layout/GuildNavbarSkeleton.module.css' or its corresponding type declarations.
src/components/layout/GuildSidebar.tsx(20,20): error TS2307: Cannot find module '@app/components/layout/GuildNavbar.module.css' or its corresponding type declarations.
src/components/layout/GuildsLayout.tsx(25,20): error TS2307: Cannot find module '@app/components/layout/GuildsLayout.module.css' or its corresponding type declarations.
src/components/layout/MobileBottomNav.tsx(23,20): error TS2307: Cannot find module '@app/components/layout/MobileBottomNav.module.css' or its corresponding type declarations.
src/components/layout/Nagbar.tsx(20,20): error TS2307: Cannot find module '@app/components/layout/Nagbar.module.css' or its corresponding type declarations.
src/components/layout/NagbarButton.tsx(20,20): error TS2307: Cannot find module '@app/components/layout/NagbarButton.module.css' or its corresponding type declarations.
src/components/layout/NagbarContent.tsx(20,20): error TS2307: Cannot find module '@app/components/layout/NagbarContent.module.css' or its corresponding type declarations.
src/components/layout/NativeDragRegion.tsx(20,20): error TS2307: Cannot find module '@app/components/layout/NativeDragRegion.module.css' or its corresponding type declarations.
src/components/layout/NativeTitlebar.tsx(20,20): error TS2307: Cannot find module '@app/components/layout/NativeTitlebar.module.css' or its corresponding type declarations.
src/components/layout/NativeTrafficLightsBackdrop.tsx(20,20): error TS2307: Cannot find module '@app/components/layout/NativeTrafficLightsBackdrop.module.css' or its corresponding type declarations.
src/components/layout/NullSpaceDropIndicator.tsx(20,20): error TS2307: Cannot find module '@app/components/layout/NullSpaceDropIndicator.module.css' or its corresponding type declarations.
src/components/layout/OutlineFrame.tsx(21,20): error TS2307: Cannot find module '@app/components/layout/OutlineFrame.module.css' or its corresponding type declarations.
src/components/layout/ScrollIndicatorOverlay.tsx(20,20): error TS2307: Cannot find module '@app/components/layout/ScrollIndicatorOverlay.module.css' or its corresponding type declarations.
src/components/layout/SplashScreen.tsx(22,20): error TS2307: Cannot find module '@app/components/layout/SplashScreen.module.css' or its corresponding type declarations.
src/components/layout/UserArea.tsx(26,20): error TS2307: Cannot find module '@app/components/layout/UserArea.module.css' or its corresponding type declarations.
src/components/layout/VoiceChannelUserCount.tsx(20,20): error TS2307: Cannot find module '@app/components/layout/VoiceChannelUserCount.module.css' or its corresponding type declarations.
src/components/layout/VoiceParticipantItem.tsx(25,38): error TS2307: Cannot find module '@app/components/layout/ChannelItemSurface.module.css' or its corresponding type declarations.
src/components/layout/VoiceParticipantItem.tsx(27,20): error TS2307: Cannot find module '@app/components/layout/VoiceParticipantItem.module.css' or its corresponding type declarations.
src/components/layout/VoiceParticipantsList.tsx(22,20): error TS2307: Cannot find module '@app/components/layout/VoiceParticipantsList.module.css' or its corresponding type declarations.
src/components/layout/VoiceStateIcons.tsx(20,20): error TS2307: Cannot find module '@app/components/layout/VoiceStateIcons.module.css' or its corresponding type declarations.
src/components/layout/app_layout/NagbarContainer.tsx(21,20): error TS2307: Cannot find module '@app/components/layout/app_layout/NagbarContainer.module.css' or its corresponding type declarations.
src/components/layout/app_layout/nagbars/DesktopDownloadNagbar.tsx(21,20): error TS2307: Cannot find module '@app/components/layout/app_layout/nagbars/DesktopDownloadNagbar.module.css' or its corresponding type declarations.
src/components/layout/app_layout/nagbars/DesktopNotificationNagbar.tsx(23,20): error TS2307: Cannot find module '@app/components/layout/app_layout/nagbars/DesktopNotificationNagbar.module.css' or its corresponding type declarations.
src/components/layout/app_layout/nagbars/MobileDownloadNagbar.tsx(21,20): error TS2307: Cannot find module '@app/components/layout/app_layout/nagbars/MobileDownloadNagbar.module.css' or its corresponding type declarations.
src/components/layout/guild_list/AddGuildButton.tsx(23,25): error TS2307: Cannot find module '@app/components/layout/GuildsLayout.module.css' or its corresponding type declarations.
src/components/layout/guild_list/AddGuildButton.tsx(24,20): error TS2307: Cannot find module '@app/components/layout/guild_list/AddGuildButton.module.css' or its corresponding type declarations.
src/components/layout/guild_list/DiscoveryButton.tsx(22,25): error TS2307: Cannot find module '@app/components/layout/GuildsLayout.module.css' or its corresponding type declarations.
src/components/layout/guild_list/DiscoveryButton.tsx(23,20): error TS2307: Cannot find module '@app/components/layout/guild_list/DiscoveryButton.module.css' or its corresponding type declarations.
src/components/layout/guild_list/DownloadButton.tsx(20,25): error TS2307: Cannot find module '@app/components/layout/GuildsLayout.module.css' or its corresponding type declarations.
src/components/layout/guild_list/DownloadButton.tsx(21,20): error TS2307: Cannot find module '@app/components/layout/guild_list/DownloadButton.module.css' or its corresponding type declarations.
src/components/layout/guild_list/FavoritesButton.tsx(22,20): error TS2307: Cannot find module '@app/components/layout/GuildsLayout.module.css' or its corresponding type declarations.
src/components/layout/guild_list/FluxerButton.tsx(21,20): error TS2307: Cannot find module '@app/components/layout/GuildsLayout.module.css' or its corresponding type declarations.
src/components/layout/guild_list/GuildFolderItem.tsx(22,20): error TS2307: Cannot find module '@app/components/layout/guild_list/GuildFolderItem.module.css' or its corresponding type declarations.
src/components/layout/guild_list/GuildListDMItem.tsx(25,25): error TS2307: Cannot find module '@app/components/layout/GuildsLayout.module.css' or its corresponding type declarations.
src/components/layout/guild_list/GuildListDMItem.tsx(26,20): error TS2307: Cannot find module '@app/components/layout/guild_list/GuildListDMItem.module.css' or its corresponding type declarations.
src/components/layout/guild_list/GuildListItem.tsx(26,20): error TS2307: Cannot find module '@app/components/layout/GuildsLayout.module.css' or its corresponding type declarations.
src/components/layout/guild_list/HelpButton.tsx(20,25): error TS2307: Cannot find module '@app/components/layout/GuildsLayout.module.css' or its corresponding type declarations.
src/components/layout/guild_list/HelpButton.tsx(21,20): error TS2307: Cannot find module '@app/components/layout/guild_list/HelpButton.module.css' or its corresponding type declarations.
src/components/layout/guild_list/VoiceBadge.tsx(20,25): error TS2307: Cannot find module '@app/components/layout/GuildsLayout.module.css' or its corresponding type declarations.
src/components/media_player/components/AudioPlayer.tsx(20,20): error TS2307: Cannot find module '@app/components/media_player/AudioPlayer.module.css' or its corresponding type declarations.
src/components/media_player/components/InlineAudioPlayer.tsx(26,20): error TS2307: Cannot find module '@app/components/media_player/InlineAudioPlayer.module.css' or its corresponding type declarations.
src/components/media_player/components/MediaFullscreenButton.tsx(20,20): error TS2307: Cannot find module '@app/components/media_player/MediaPlayButton.module.css' or its corresponding type declarations.
src/components/media_player/components/MediaPipButton.tsx(20,20): error TS2307: Cannot find module '@app/components/media_player/MediaPlayButton.module.css' or its corresponding type declarations.
src/components/media_player/components/MediaPlayButton.tsx(20,20): error TS2307: Cannot find module '@app/components/media_player/MediaPlayButton.module.css' or its corresponding type declarations.
src/components/media_player/components/MediaPlaybackRate.tsx(20,20): error TS2307: Cannot find module '@app/components/media_player/MediaPlaybackRate.module.css' or its corresponding type declarations.
src/components/media_player/components/MediaProgressBar.tsx(20,20): error TS2307: Cannot find module '@app/components/media_player/MediaProgressBar.module.css' or its corresponding type declarations.
src/components/media_player/components/MediaTimeDisplay.tsx(20,20): error TS2307: Cannot find module '@app/components/media_player/MediaTimeDisplay.module.css' or its corresponding type declarations.
src/components/media_player/components/MediaVerticalVolumeControl.tsx(20,20): error TS2307: Cannot find module '@app/components/media_player/MediaVerticalVolumeControl.module.css' or its corresponding type declarations.
src/components/media_player/components/MediaVolumeControl.tsx(20,20): error TS2307: Cannot find module '@app/components/media_player/MediaVolumeControl.module.css' or its corresponding type declarations.
src/components/media_player/components/VideoPlayer.tsx(34,20): error TS2307: Cannot find module '@app/components/media_player/VideoPlayer.module.css' or its corresponding type declarations.
src/components/modals/AccountDeleteModal.tsx(24,20): error TS2307: Cannot find module '@app/components/modals/AccountDeleteModal.module.css' or its corresponding type declarations.
src/components/modals/AccountDisableModal.tsx(24,20): error TS2307: Cannot find module '@app/components/modals/AccountDisableModal.module.css' or its corresponding type declarations.
src/components/modals/AddConnectionModal.tsx(27,20): error TS2307: Cannot find module '@app/components/modals/AddConnectionModal.module.css' or its corresponding type declarations.
src/components/modals/AddFavoriteChannelModal.tsx(23,20): error TS2307: Cannot find module '@app/components/modals/AddFavoriteChannelModal.module.css' or its corresponding type declarations.
src/components/modals/AddFavoriteChannelModal.tsx(25,28): error TS2307: Cannot find module '@app/components/modals/shared/SelectorModalStyles.module.css' or its corresponding type declarations.
src/components/modals/AddFriendSheet.tsx(22,20): error TS2307: Cannot find module '@app/components/modals/AddFriendSheet.module.css' or its corresponding type declarations.
src/components/modals/AddFriendsToGroupModal.tsx(22,26): error TS2307: Cannot find module '@app/components/modals/InviteModal.module.css' or its corresponding type declarations.
src/components/modals/AddFriendsToGroupModal.tsx(25,28): error TS2307: Cannot find module '@app/components/modals/shared/SelectorModalStyles.module.css' or its corresponding type declarations.
src/components/modals/AddGuildModal.tsx(29,20): error TS2307: Cannot find module '@app/components/modals/AddGuildModal.module.css' or its corresponding type declarations.
src/components/modals/AddGuildStickerModal.tsx(23,20): error TS2307: Cannot find module '@app/components/modals/AddGuildStickerModal.module.css' or its corresponding type declarations.
src/components/modals/AttachmentEditModal.tsx(24,20): error TS2307: Cannot find module '@app/components/modals/AttachmentEditModal.module.css' or its corresponding type declarations.
src/components/modals/BackgroundImageGalleryModal.tsx(26,20): error TS2307: Cannot find module '@app/components/modals/BackgroundImageGalleryModal.module.css' or its corresponding type declarations.
src/components/modals/BackupCodesModal.tsx(23,20): error TS2307: Cannot find module '@app/components/modals/BackupCodesModal.module.css' or its corresponding type declarations.
src/components/modals/BanDetailsModal.tsx(22,20): error TS2307: Cannot find module '@app/components/modals/BanDetailsModal.module.css' or its corresponding type declarations.
src/components/modals/BanMemberModal.tsx(25,20): error TS2307: Cannot find module '@app/components/modals/BanMemberModal.module.css' or its corresponding type declarations.
src/components/modals/BaseChangeNicknameModal.tsx(24,20): error TS2307: Cannot find module '@app/components/modals/BaseChangeNicknameModal.module.css' or its corresponding type declarations.
src/components/modals/BookmarksBottomSheet.tsx(23,20): error TS2307: Cannot find module '@app/components/modals/BookmarksBottomSheet.module.css' or its corresponding type declarations.
src/components/modals/CameraPreviewModal.tsx(26,20): error TS2307: Cannot find module '@app/components/modals/CameraPreviewModal.module.css' or its corresponding type declarations.
src/components/modals/CaptchaModal.tsx(22,20): error TS2307: Cannot find module '@app/components/modals/CaptchaModal.module.css' or its corresponding type declarations.
src/components/modals/ChannelCreateModal.tsx(23,20): error TS2307: Cannot find module '@app/components/modals/ChannelCreateModal.module.css' or its corresponding type declarations.
src/components/modals/ChannelTopicModal.tsx(20,20): error TS2307: Cannot find module '@app/components/modals/ChannelTopicModal.module.css' or its corresponding type declarations.
src/components/modals/ChannelTopicModal.tsx(24,26): error TS2307: Cannot find module '@app/styles/Markup.module.css' or its corresponding type declarations.
src/components/modals/ClaimAccountModal.tsx(26,20): error TS2307: Cannot find module '@app/components/modals/ClaimAccountModal.module.css' or its corresponding type declarations.
src/components/modals/ConfirmModal.tsx(22,20): error TS2307: Cannot find module '@app/components/modals/ConfirmModal.module.css' or its corresponding type declarations.
src/components/modals/CreateDMModal.tsx(26,28): error TS2307: Cannot find module '@app/components/modals/shared/SelectorModalStyles.module.css' or its corresponding type declarations.
src/components/modals/CreatePackModal.tsx(23,20): error TS2307: Cannot find module '@app/components/modals/CreatePackModal.module.css' or its corresponding type declarations.
src/components/modals/CustomStatusBottomSheet.tsx(22,20): error TS2307: Cannot find module '@app/components/modals/CustomStatusBottomSheet.module.css' or its corresponding type declarations.
src/components/modals/CustomStatusModal.tsx(24,20): error TS2307: Cannot find module '@app/components/modals/CustomStatusModal.module.css' or its corresponding type declarations.
src/components/modals/DisablePiPConfirmModal.tsx(22,20): error TS2307: Cannot find module '@app/components/modals/DisablePiPConfirmModal.module.css' or its corresponding type declarations.
src/components/modals/DiscoveryModal.tsx(22,20): error TS2307: Cannot find module '@app/components/modals/DiscoveryModal.module.css' or its corresponding type declarations.
src/components/modals/DuplicateGroupConfirmModal.tsx(24,20): error TS2307: Cannot find module '@app/components/modals/DuplicateGroupConfirmModal.module.css' or its corresponding type declarations.
src/components/modals/EditAltTextModal.tsx(23,20): error TS2307: Cannot find module '@app/components/modals/AttachmentEditModal.module.css' or its corresponding type declarations.
src/components/modals/EditFavoriteMemeModal.tsx(23,20): error TS2307: Cannot find module '@app/components/modals/EditFavoriteMemeModal.module.css' or its corresponding type declarations.
src/components/modals/EditGroupBottomSheet.tsx(27,20): error TS2307: Cannot find module '@app/components/modals/EditGroupBottomSheet.module.css' or its corresponding type declarations.
src/components/modals/EditGroupModal.tsx(27,20): error TS2307: Cannot find module '@app/components/modals/EditGroupModal.module.css' or its corresponding type declarations.
src/components/modals/EditGuildStickerModal.tsx(23,20): error TS2307: Cannot find module '@app/components/modals/EditGuildStickerModal.module.css' or its corresponding type declarations.
src/components/modals/EditPackModal.tsx(23,20): error TS2307: Cannot find module '@app/components/modals/CreatePackModal.module.css' or its corresponding type declarations.
src/components/modals/EmailChangeModal.tsx(25,20): error TS2307: Cannot find module '@app/components/modals/EmailChangeModal.module.css' or its corresponding type declarations.
src/components/modals/EmojiUploadModal.tsx(20,20): error TS2307: Cannot find module '@app/components/modals/EmojiUploadModal.module.css' or its corresponding type declarations.
src/components/modals/ExpressionPickerSheet.tsx(25,20): error TS2307: Cannot find module '@app/components/modals/ExpressionPickerSheet.module.css' or its corresponding type declarations.
src/components/modals/ExternalLinkWarningModal.tsx(22,20): error TS2307: Cannot find module '@app/components/modals/ExternalLinkWarningModal.module.css' or its corresponding type declarations.
src/components/modals/FluxerTagChangeModal.tsx(29,20): error TS2307: Cannot find module '@app/components/modals/FluxerTagChangeModal.module.css' or its corresponding type declarations.
src/components/modals/ForwardModal.tsx(31,25): error TS2307: Cannot find module '@app/components/modals/ForwardModal.module.css' or its corresponding type declarations.
src/components/modals/ForwardModal.tsx(39,28): error TS2307: Cannot find module '@app/components/modals/shared/SelectorModalStyles.module.css' or its corresponding type declarations.
src/components/modals/GiftAcceptModal.tsx(23,20): error TS2307: Cannot find module '@app/components/modals/GiftAcceptModal.module.css' or its corresponding type declarations.
src/components/modals/GroupInvitesBottomSheet.tsx(27,20): error TS2307: Cannot find module '@app/components/modals/GroupInvitesBottomSheet.module.css' or its corresponding type declarations.
src/components/modals/GroupInvitesModal.tsx(29,20): error TS2307: Cannot find module '@app/components/modals/GroupInvitesModal.module.css' or its corresponding type declarations.
src/components/modals/GuildNotificationSettingsModal.tsx(24,20): error TS2307: Cannot find module '@app/components/modals/GuildNotificationSettingsModal.module.css' or its corresponding type declarations.
src/components/modals/GuildOwnershipWarningModal.tsx(21,20): error TS2307: Cannot find module '@app/components/modals/GuildOwnershipWarningModal.module.css' or its corresponding type declarations.
src/components/modals/GuildPrivacySettingsModal.tsx(23,20): error TS2307: Cannot find module '@app/components/modals/GuildPrivacySettingsModal.module.css' or its corresponding type declarations.
src/components/modals/HideOwnCameraConfirmModal.tsx(22,20): error TS2307: Cannot find module '@app/components/modals/HideOwnCameraConfirmModal.module.css' or its corresponding type declarations.
src/components/modals/HideOwnScreenShareConfirmModal.tsx(22,20): error TS2307: Cannot find module '@app/components/modals/HideOwnCameraConfirmModal.module.css' or its corresponding type declarations.
src/components/modals/IARModal.tsx(26,20): error TS2307: Cannot find module '@app/components/modals/IARModal.module.css' or its corresponding type declarations.
src/components/modals/ImageCropModal.tsx(22,20): error TS2307: Cannot find module '@app/components/modals/ImageCropModal.module.css' or its corresponding type declarations.
src/components/modals/InviteAcceptModal.tsx(25,20): error TS2307: Cannot find module '@app/components/modals/InviteAcceptModal.module.css' or its corresponding type declarations.
src/components/modals/InviteAcceptModalPreview.tsx(22,20): error TS2307: Cannot find module '@app/components/modals/InviteAcceptModal.module.css' or its corresponding type declarations.
src/components/modals/InviteModal.tsx(28,20): error TS2307: Cannot find module '@app/components/modals/InviteModal.module.css' or its corresponding type declarations.
src/components/modals/InviteModal.tsx(33,28): error TS2307: Cannot find module '@app/components/modals/shared/SelectorModalStyles.module.css' or its corresponding type declarations.
src/components/modals/InvitePagePreviewModal.tsx(24,28): error TS2307: Cannot find module '@app/components/auth/AuthPageStyles.module.css' or its corresponding type declarations.
src/components/modals/InvitePagePreviewModal.tsx(27,30): error TS2307: Cannot find module '@app/components/layout/AuthLayout.module.css' or its corresponding type declarations.
src/components/modals/InvitePagePreviewModal.tsx(28,20): error TS2307: Cannot find module '@app/components/modals/InvitePagePreviewModal.module.css' or its corresponding type declarations.
src/components/modals/KeyboardModeIntroModal.tsx(21,20): error TS2307: Cannot find module '@app/components/modals/KeyboardModeIntroModal.module.css' or its corresponding type declarations.
src/components/modals/MediaModal.tsx(22,20): error TS2307: Cannot find module '@app/components/modals/MediaModal.module.css' or its corresponding type declarations.
src/components/modals/MediaViewerModal.tsx(31,20): error TS2307: Cannot find module '@app/components/modals/MediaViewerModal.module.css' or its corresponding type declarations.
src/components/modals/MessageReactionsModal.tsx(23,20): error TS2307: Cannot find module '@app/components/modals/MessageReactionsModal.module.css' or its corresponding type declarations.
src/components/modals/MfaTotpEnableModal.tsx(27,20): error TS2307: Cannot find module '@app/components/modals/MfaTotpEnableModal.module.css' or its corresponding type declarations.
src/components/modals/MobileVideoViewer.tsx(20,20): error TS2307: Cannot find module '@app/components/modals/MobileVideoViewer.module.css' or its corresponding type declarations.
src/components/modals/Modal.tsx(21,20): error TS2307: Cannot find module '@app/components/modals/Modal.module.css' or its corresponding type declarations.
src/components/modals/Modals.tsx(21,20): error TS2307: Cannot find module '@app/components/modals/Modals.module.css' or its corresponding type declarations.
src/components/modals/NoteEditSheet.tsx(21,20): error TS2307: Cannot find module '@app/components/modals/NoteEditSheet.module.css' or its corresponding type declarations.
src/components/modals/PackInviteModal.tsx(25,20): error TS2307: Cannot find module '@app/components/modals/PackInviteModal.module.css' or its corresponding type declarations.
src/components/modals/PasswordChangeModal.tsx(26,20): error TS2307: Cannot find module '@app/components/modals/PasswordChangeModal.module.css' or its corresponding type declarations.
src/components/modals/PhoneAddModal.tsx(27,20): error TS2307: Cannot find module '@app/components/modals/PhoneAddModal.module.css' or its corresponding type declarations.
src/components/modals/PremiumModal.tsx(22,20): error TS2307: Cannot find module '@app/components/modals/PremiumModal.module.css' or its corresponding type declarations.
src/components/modals/RemoveTimeoutModal.tsx(31,20): error TS2307: Cannot find module './RemoveTimeoutModal.module.css' or its corresponding type declarations.
src/components/modals/RequiredActionModal.tsx(29,20): error TS2307: Cannot find module '@app/components/modals/RequiredActionModal.module.css' or its corresponding type declarations.
src/components/modals/ScreenShareSettingsModal.tsx(22,20): error TS2307: Cannot find module '@app/components/modals/ScreenShareSettingsModal.module.css' or its corresponding type declarations.
src/components/modals/ScreenShareSourceModal.tsx(21,20): error TS2307: Cannot find module '@app/components/modals/ScreenShareSourceModal.module.css' or its corresponding type declarations.
src/components/modals/ShareThemeModal.tsx(25,20): error TS2307: Cannot find module '@app/components/modals/ShareThemeModal.module.css' or its corresponding type declarations.
src/components/modals/ShareThemeModal.tsx(29,28): error TS2307: Cannot find module '@app/components/modals/shared/SelectorModalStyles.module.css' or its corresponding type declarations.
src/components/modals/StatusChangeBottomSheet.tsx(24,20): error TS2307: Cannot find module '@app/components/modals/StatusChangeBottomSheet.module.css' or its corresponding type declarations.
src/components/modals/SudoVerificationModal.tsx(23,20): error TS2307: Cannot find module '@app/components/modals/SudoVerificationModal.module.css' or its corresponding type declarations.
src/components/modals/ThemeAcceptModal.tsx(25,20): error TS2307: Cannot find module '@app/components/modals/ThemeAcceptModal.module.css' or its corresponding type declarations.
src/components/modals/TimeoutMemberModal.tsx(26,20): error TS2307: Cannot find module '@app/components/modals/TimeoutMemberModal.module.css' or its corresponding type declarations.
src/components/modals/TimeoutMemberSheet.tsx(26,20): error TS2307: Cannot find module '@app/components/modals/TimeoutMemberSheet.module.css' or its corresponding type declarations.
src/components/modals/TransferOwnershipModal.tsx(24,20): error TS2307: Cannot find module '@app/components/modals/TransferOwnershipModal.module.css' or its corresponding type declarations.
src/components/modals/UploadDropModal.tsx(20,20): error TS2307: Cannot find module '@app/components/modals/UploadDropModal.module.css' or its corresponding type declarations.
src/components/modals/UserProfileActionsSheet.tsx(29,20): error TS2307: Cannot find module '@app/components/modals/UserProfileActionsSheet.module.css' or its corresponding type declarations.
src/components/modals/UserProfileMobileSheet.tsx(33,20): error TS2307: Cannot find module '@app/components/modals/UserProfileMobileSheet.module.css' or its corresponding type declarations.
src/components/modals/UserProfileModal.tsx(35,36): error TS2307: Cannot find module '@app/components/modals/UserProfileModal.module.css' or its corresponding type declarations.
src/components/modals/channel_tabs/ChannelInvitesTab.tsx(29,20): error TS2307: Cannot find module '@app/components/modals/channel_tabs/ChannelInvitesTab.module.css' or its corresponding type declarations.
src/components/modals/channel_tabs/ChannelOverviewTab.tsx(30,20): error TS2307: Cannot find module '@app/components/modals/channel_tabs/ChannelOverviewTab.module.css' or its corresponding type declarations.
src/components/modals/channel_tabs/ChannelPermissionsTab.tsx(27,20): error TS2307: Cannot find module '@app/components/modals/channel_tabs/ChannelPermissionsTab.module.css' or its corresponding type declarations.
src/components/modals/channel_tabs/ChannelWebhooksTab.tsx(22,20): error TS2307: Cannot find module '@app/components/modals/channel_tabs/ChannelWebhooksTab.module.css' or its corresponding type declarations.
src/components/modals/components/AllSettingsRenderer.tsx(21,20): error TS2307: Cannot find module '@app/components/modals/components/AllSettingsRenderer.module.css' or its corresponding type declarations.
src/components/modals/components/ClientInfo.tsx(23,20): error TS2307: Cannot find module '@app/components/modals/components/ClientInfo.module.css' or its corresponding type declarations.
src/components/modals/components/ComparisonCheckRow.tsx(20,20): error TS2307: Cannot find module '@app/components/modals/components/ComparisonCheckRow.module.css' or its corresponding type declarations.
src/components/modals/components/ComparisonRow.tsx(20,20): error TS2307: Cannot find module '@app/components/modals/components/ComparisonRow.module.css' or its corresponding type declarations.
src/components/modals/components/DesktopChannelSettingsView.tsx(24,20): error TS2307: Cannot find module '@app/components/modals/GuildSettingsModal.module.css' or its corresponding type declarations.
src/components/modals/components/DesktopGuildSettingsView.tsx(24,20): error TS2307: Cannot find module '@app/components/modals/GuildSettingsModal.module.css' or its corresponding type declarations.
src/components/modals/components/DesktopSettingsView.tsx(25,20): error TS2307: Cannot find module '@app/components/modals/components/DesktopSettingsView.module.css' or its corresponding type declarations.
src/components/modals/components/DesktopSettingsView.tsx(44,32): error TS2307: Cannot find module '@app/components/modals/UserSettingsModal.module.css' or its corresponding type declarations.
src/components/modals/components/FeatureComparisonTable.tsx(22,20): error TS2307: Cannot find module '@app/components/modals/components/FeatureComparisonTable.module.css' or its corresponding type declarations.
src/components/modals/components/MobileChannelSettingsView.tsx(31,20): error TS2307: Cannot find module '@app/components/modals/UserSettingsModal.module.css' or its corresponding type declarations.
src/components/modals/components/MobileGuildSettingsView.tsx(22,20): error TS2307: Cannot find module '@app/components/modals/components/MobileGuildSettingsView.module.css' or its corresponding type declarations.
src/components/modals/components/MobileGuildSettingsView.tsx(32,32): error TS2307: Cannot find module '@app/components/modals/UserSettingsModal.module.css' or its corresponding type declarations.
src/components/modals/components/MobileSettingsView.tsx(27,20): error TS2307: Cannot find module '@app/components/modals/components/MobileSettingsView.module.css' or its corresponding type declarations.
src/components/modals/components/MobileSettingsView.tsx(36,32): error TS2307: Cannot find module '@app/components/modals/UserSettingsModal.module.css' or its corresponding type declarations.
src/components/modals/components/PerksButton.tsx(20,20): error TS2307: Cannot find module '@app/components/modals/components/PerksButton.module.css' or its corresponding type declarations.
src/components/modals/components/PlutoniumContent.tsx(21,20): error TS2307: Cannot find module '@app/components/modals/components/PlutoniumContent.module.css' or its corresponding type declarations.
src/components/modals/components/PricingCard.tsx(20,20): error TS2307: Cannot find module '@app/components/modals/components/PricingCard.module.css' or its corresponding type declarations.
src/components/modals/components/PurchaseDisclaimer.tsx(21,20): error TS2307: Cannot find module '@app/components/modals/components/PurchaseDisclaimer.module.css' or its corresponding type declarations.
src/components/modals/components/SettingsModalHeader.tsx(21,20): error TS2307: Cannot find module '@app/components/modals/components/SettingsModalHeader.module.css' or its corresponding type declarations.
src/components/modals/components/SettingsSearch.tsx(21,20): error TS2307: Cannot find module '@app/components/modals/components/SettingsSearch.module.css' or its corresponding type declarations.
src/components/modals/components/Slate.tsx(20,20): error TS2307: Cannot find module '@app/components/modals/components/Slate.module.css' or its corresponding type declarations.
src/components/modals/components/ToggleButton.tsx(20,20): error TS2307: Cannot find module '@app/components/modals/components/ToggleButton.module.css' or its corresponding type declarations.
src/components/modals/components/plutonium/BottomCTASection.tsx(21,20): error TS2307: Cannot find module '@app/components/modals/components/plutonium/BottomCTASection.module.css' or its corresponding type declarations.
src/components/modals/components/plutonium/GiftInventoryBanner.tsx(20,20): error TS2307: Cannot find module '@app/components/modals/components/plutonium/GiftInventoryBanner.module.css' or its corresponding type declarations.
src/components/modals/components/plutonium/GiftSection.tsx(21,24): error TS2307: Cannot find module '@app/components/modals/components/PricingGrid.module.css' or its corresponding type declarations.
src/components/modals/components/plutonium/GiftSection.tsx(23,20): error TS2307: Cannot find module '@app/components/modals/components/plutonium/GiftSection.module.css' or its corresponding type declarations.
src/components/modals/components/plutonium/PricingSection.tsx(21,24): error TS2307: Cannot find module '@app/components/modals/components/PricingGrid.module.css' or its corresponding type declarations.
src/components/modals/components/plutonium/PricingSection.tsx(23,20): error TS2307: Cannot find module '@app/components/modals/components/plutonium/PricingSection.module.css' or its corresponding type declarations.
src/components/modals/components/plutonium/PurchaseHistorySection.tsx(20,20): error TS2307: Cannot find module '@app/components/modals/components/plutonium/PurchaseHistorySection.module.css' or its corresponding type declarations.
src/components/modals/components/plutonium/SectionHeader.tsx(20,20): error TS2307: Cannot find module '@app/components/modals/components/plutonium/SectionHeader.module.css' or its corresponding type declarations.
src/components/modals/components/plutonium/SubscriptionCard.tsx(22,20): error TS2307: Cannot find module '@app/components/modals/components/plutonium/SubscriptionCard.module.css' or its corresponding type declarations.
src/components/modals/components/plutonium/hooks/useSubscriptionStatus.tsx(20,20): error TS2307: Cannot find module '@app/components/modals/components/plutonium/SubscriptionCard.module.css' or its corresponding type declarations.
src/components/modals/discovery/DiscoveryGuildCard.tsx(26,20): error TS2307: Cannot find module '@app/components/modals/discovery/DiscoveryGuildCard.module.css' or its corresponding type declarations.
src/components/modals/guild_tabs/BannedUserActionsSheet.tsx(25,20): error TS2307: Cannot find module '@app/components/modals/guild_tabs/GuildMemberActionsSheet.module.css' or its corresponding type declarations.
src/components/modals/guild_tabs/GuildAuditLogTab.Components.tsx(22,20): error TS2307: Cannot find module '@app/components/modals/guild_tabs/GuildAuditLogTab.module.css' or its corresponding type declarations.
src/components/modals/guild_tabs/GuildAuditLogTab.Utils.tsx(23,20): error TS2307: Cannot find module '@app/components/modals/guild_tabs/GuildAuditLogTab.module.css' or its corresponding type declarations.
src/components/modals/guild_tabs/GuildAuditLogTab.tsx(27,20): error TS2307: Cannot find module '@app/components/modals/guild_tabs/GuildAuditLogTab.module.css' or its corresponding type declarations.
src/components/modals/guild_tabs/GuildBansTab.tsx(29,20): error TS2307: Cannot find module '@app/components/modals/guild_tabs/MemberListStyles.module.css' or its corresponding type declarations.
src/components/modals/guild_tabs/GuildDiscoveryTab.tsx(25,20): error TS2307: Cannot find module '@app/components/modals/guild_tabs/GuildDiscoveryTab.module.css' or its corresponding type declarations.
src/components/modals/guild_tabs/GuildEmojiTab.tsx(30,20): error TS2307: Cannot find module '@app/components/modals/guild_tabs/GuildEmojiTab.module.css' or its corresponding type declarations.
src/components/modals/guild_tabs/GuildInvitesTab.tsx(27,20): error TS2307: Cannot find module '@app/components/modals/guild_tabs/GuildInvitesTab.module.css' or its corresponding type declarations.
src/components/modals/guild_tabs/GuildMemberActionsSheet.tsx(29,20): error TS2307: Cannot find module '@app/components/modals/guild_tabs/GuildMemberActionsSheet.module.css' or its corresponding type declarations.
src/components/modals/guild_tabs/GuildModerationTab.tsx(26,20): error TS2307: Cannot find module '@app/components/modals/guild_tabs/GuildModerationTab.module.css' or its corresponding type declarations.
src/components/modals/guild_tabs/GuildRolesTab.tsx(35,20): error TS2307: Cannot find module '@app/components/modals/guild_tabs/GuildRolesTab.module.css' or its corresponding type declarations.
src/components/modals/guild_tabs/GuildStickersTab.tsx(27,20): error TS2307: Cannot find module '@app/components/modals/guild_tabs/GuildStickersTab.module.css' or its corresponding type declarations.
src/components/modals/guild_tabs/GuildVanityURLTab.tsx(24,20): error TS2307: Cannot find module '@app/components/modals/guild_tabs/GuildVanityURLTab.module.css' or its corresponding type declarations.
src/components/modals/guild_tabs/GuildWebhooksTab.tsx(21,20): error TS2307: Cannot find module '@app/components/modals/guild_tabs/GuildWebhooksTab.module.css' or its corresponding type declarations.
src/components/modals/guild_tabs/UserListItem.tsx(21,20): error TS2307: Cannot find module '@app/components/modals/guild_tabs/MemberListStyles.module.css' or its corresponding type declarations.
src/components/modals/guild_tabs/guild_overview_tab/components/SettingsSection.tsx(20,20): error TS2307: Cannot find module '@app/components/modals/guild_tabs/guild_overview_tab/GuildOverviewTab.module.css' or its corresponding type declarations.
src/components/modals/guild_tabs/guild_overview_tab/fields/GuildBannerUploadField.tsx(21,20): error TS2307: Cannot find module '@app/components/modals/guild_tabs/guild_overview_tab/GuildOverviewTab.module.css' or its corresponding type declarations.
src/components/modals/guild_tabs/guild_overview_tab/fields/GuildEmbedSplashUploadField.tsx(22,20): error TS2307: Cannot find module '@app/components/modals/guild_tabs/guild_overview_tab/GuildOverviewTab.module.css' or its corresponding type declarations.
src/components/modals/guild_tabs/guild_overview_tab/fields/GuildIconUploadField.tsx(21,20): error TS2307: Cannot find module '@app/components/modals/guild_tabs/guild_overview_tab/GuildOverviewTab.module.css' or its corresponding type declarations.
src/components/modals/guild_tabs/guild_overview_tab/fields/GuildInviteSplashSettingsField.tsx(20,20): error TS2307: Cannot find module '@app/components/modals/guild_tabs/guild_overview_tab/GuildOverviewTab.module.css' or its corresponding type declarations.
src/components/modals/guild_tabs/guild_overview_tab/fields/GuildInviteSplashUploadField.tsx(21,20): error TS2307: Cannot find module '@app/components/modals/guild_tabs/guild_overview_tab/GuildOverviewTab.module.css' or its corresponding type declarations.
src/components/modals/guild_tabs/guild_overview_tab/index.tsx(22,20): error TS2307: Cannot find module '@app/components/modals/guild_tabs/guild_overview_tab/GuildOverviewTab.module.css' or its corresponding type declarations.
src/components/modals/guild_tabs/guild_overview_tab/sections/BrandingSection.tsx(30,20): error TS2307: Cannot find module '@app/components/modals/guild_tabs/guild_overview_tab/GuildOverviewTab.module.css' or its corresponding type declarations.
src/components/modals/guild_tabs/guild_overview_tab/sections/DefaultNotificationsSection.tsx(21,20): error TS2307: Cannot find module '@app/components/modals/guild_tabs/guild_overview_tab/GuildOverviewTab.module.css' or its corresponding type declarations.
src/components/modals/guild_tabs/guild_overview_tab/sections/IdleSettingsSection.tsx(22,20): error TS2307: Cannot find module '@app/components/modals/guild_tabs/guild_overview_tab/GuildOverviewTab.module.css' or its corresponding type declarations.
src/components/modals/guild_tabs/guild_overview_tab/sections/MessageHistoryThresholdContent.tsx(22,20): error TS2307: Cannot find module '@app/components/modals/guild_tabs/guild_overview_tab/GuildOverviewTab.module.css' or its corresponding type declarations.
src/components/modals/guild_tabs/guild_overview_tab/sections/SystemWelcomeSection.tsx(23,20): error TS2307: Cannot find module '@app/components/modals/guild_tabs/guild_overview_tab/GuildOverviewTab.module.css' or its corresponding type declarations.
src/components/modals/meme_form/MemeFormFields.tsx(21,20): error TS2307: Cannot find module '@app/components/modals/meme_form/MemeFormFields.module.css' or its corresponding type declarations.
src/components/modals/shared/AddOverridePopout.tsx(20,20): error TS2307: Cannot find module '@app/components/modals/shared/AddOverridePopout.module.css' or its corresponding type declarations.
src/components/modals/shared/CopyLinkSection.tsx(21,20): error TS2307: Cannot find module '@app/components/modals/shared/CopyLinkSection.module.css' or its corresponding type declarations.
src/components/modals/shared/EmptySlate.tsx(20,20): error TS2307: Cannot find module '@app/components/modals/shared/EmptySlate.module.css' or its corresponding type declarations.
src/components/modals/shared/MobileSettingsComponents.tsx(21,26): error TS2307: Cannot find module '@app/components/modals/components/MobileSettingsView.module.css' or its corresponding type declarations.
src/components/modals/shared/MobileSettingsComponents.tsx(22,20): error TS2307: Cannot find module '@app/components/modals/shared/MobileSettingsComponents.module.css' or its corresponding type declarations.
src/components/modals/shared/PermissionComponents.tsx(21,20): error TS2307: Cannot find module '@app/components/modals/shared/PermissionComponents.module.css' or its corresponding type declarations.
src/components/modals/shared/RecipientList.tsx(22,20): error TS2307: Cannot find module '@app/components/modals/shared/RecipientList.module.css' or its corresponding type declarations.
src/components/modals/shared/SettingsModalLayout.tsx(20,20): error TS2307: Cannot find module '@app/components/modals/shared/SettingsModalLayout.module.css' or its corresponding type declarations.
src/components/modals/shared/SettingsSection.tsx(20,20): error TS2307: Cannot find module '@app/components/modals/shared/SettingsSection.module.css' or its corresponding type declarations.
src/components/modals/shared/SettingsTabLayout.tsx(20,27): error TS2307: Cannot find module '@app/components/modals/shared/SettingsSection.module.css' or its corresponding type declarations.
src/components/modals/shared/SettingsTabLayout.tsx(21,20): error TS2307: Cannot find module '@app/components/modals/shared/SettingsTabLayout.module.css' or its corresponding type declarations.
src/components/modals/shared/StatusSlate.tsx(20,20): error TS2307: Cannot find module '@app/components/modals/shared/StatusSlate.module.css' or its corresponding type declarations.
src/components/modals/sticker_form/StickerFormFields.tsx(21,20): error TS2307: Cannot find module '@app/components/modals/sticker_form/StickerFormFields.module.css' or its corresponding type declarations.
src/components/modals/sticker_form/StickerPreview.tsx(20,20): error TS2307: Cannot find module '@app/components/modals/sticker_form/StickerPreview.module.css' or its corresponding type declarations.
src/components/modals/tabs/AccessibilityTab.tsx(24,20): error TS2307: Cannot find module '@app/components/modals/tabs/AccessibilityTab.module.css' or its corresponding type declarations.
src/components/modals/tabs/AuthorizedAppsTab.tsx(27,20): error TS2307: Cannot find module '@app/components/modals/tabs/AuthorizedAppsTab.module.css' or its corresponding type declarations.
src/components/modals/tabs/BlockedUsersTab.tsx(28,20): error TS2307: Cannot find module '@app/components/modals/tabs/BlockedUsersTab.module.css' or its corresponding type declarations.
src/components/modals/tabs/DevicesTab.tsx(30,20): error TS2307: Cannot find module '@app/components/modals/tabs/DevicesTab.module.css' or its corresponding type declarations.
src/components/modals/tabs/ExpressionPacksTab.tsx(32,20): error TS2307: Cannot find module '@app/components/modals/tabs/ExpressionPacksTab.module.css' or its corresponding type declarations.
src/components/modals/tabs/GiftInventoryTab.tsx(29,20): error TS2307: Cannot find module '@app/components/modals/tabs/GiftInventoryTab.module.css' or its corresponding type declarations.
src/components/modals/tabs/KeybindsTab.tsx(26,20): error TS2307: Cannot find module '@app/components/modals/tabs/KeybindsTab.module.css' or its corresponding type declarations.
src/components/modals/tabs/LanguageTab.tsx(24,20): error TS2307: Cannot find module '@app/components/modals/tabs/LanguageTab.module.css' or its corresponding type declarations.
src/components/modals/tabs/LimitsConfigTab.tsx(25,20): error TS2307: Cannot find module '@app/components/modals/tabs/LimitsConfigTab.module.css' or its corresponding type declarations.
src/components/modals/tabs/LinkedAccountsTab.tsx(38,20): error TS2307: Cannot find module '@app/components/modals/tabs/LinkedAccountsTab.module.css' or its corresponding type declarations.
src/components/modals/tabs/MyProfileTab.tsx(34,20): error TS2307: Cannot find module '@app/components/modals/tabs/MyProfileTab.module.css' or its corresponding type declarations.
src/components/modals/tabs/VideoTab.tsx(28,20): error TS2307: Cannot find module '@app/components/modals/tabs/VideoTab.module.css' or its corresponding type declarations.
src/components/modals/tabs/VoiceTab.tsx(31,20): error TS2307: Cannot find module '@app/components/modals/tabs/VoiceTab.module.css' or its corresponding type declarations.
src/components/modals/tabs/accessibility_tab/AnimationTab.tsx(23,20): error TS2307: Cannot find module '@app/components/modals/tabs/accessibility_tab/AnimationTab.module.css' or its corresponding type declarations.
src/components/modals/tabs/accessibility_tab/Inline.tsx(22,20): error TS2307: Cannot find module '@app/components/modals/tabs/accessibility_tab/Inline.module.css' or its corresponding type declarations.
src/components/modals/tabs/accessibility_tab/VisualTab.tsx(23,20): error TS2307: Cannot find module '@app/components/modals/tabs/accessibility_tab/VisualTab.module.css' or its corresponding type declarations.
src/components/modals/tabs/account_security_tab/AccountTab.tsx(28,20): error TS2307: Cannot find module '@app/components/modals/tabs/account_security_tab/AccountTab.module.css' or its corresponding type declarations.
src/components/modals/tabs/account_security_tab/DangerZoneTab.tsx(26,20): error TS2307: Cannot find module '@app/components/modals/tabs/account_security_tab/AccountTab.module.css' or its corresponding type declarations.
src/components/modals/tabs/account_security_tab/Inline.tsx(24,20): error TS2307: Cannot find module '@app/components/modals/tabs/account_security_tab/Inline.module.css' or its corresponding type declarations.
src/components/modals/tabs/account_security_tab/SecurityTab.tsx(31,20): error TS2307: Cannot find module '@app/components/modals/tabs/account_security_tab/SecurityTab.module.css' or its corresponding type declarations.
src/components/modals/tabs/appearance_tab/Inline.tsx(22,20): error TS2307: Cannot find module '@app/components/modals/tabs/appearance_tab/Inline.module.css' or its corresponding type declarations.
src/components/modals/tabs/appearance_tab/InterfaceTab.tsx(24,38): error TS2307: Cannot find module '@app/components/layout/ChannelItemSurface.module.css' or its corresponding type declarations.
src/components/modals/tabs/appearance_tab/InterfaceTab.tsx(26,20): error TS2307: Cannot find module '@app/components/modals/tabs/appearance_tab/InterfaceTab.module.css' or its corresponding type declarations.
src/components/modals/tabs/appearance_tab/MessagesTab.tsx(25,33): error TS2307: Cannot find module '@app/components/modals/tabs/AppearanceTab.module.css' or its corresponding type declarations.
src/components/modals/tabs/appearance_tab/MessagesTab.tsx(26,20): error TS2307: Cannot find module '@app/components/modals/tabs/appearance_tab/MessagesTab.module.css' or its corresponding type declarations.
src/components/modals/tabs/appearance_tab/ThemeTab.tsx(28,20): error TS2307: Cannot find module '@app/components/modals/tabs/appearance_tab/ThemeTab.module.css' or its corresponding type declarations.
src/components/modals/tabs/applications_tab/ApplicationCreateModal.tsx(24,20): error TS2307: Cannot find module '@app/components/modals/tabs/applications_tab/ApplicationsTab.module.css' or its corresponding type declarations.
src/components/modals/tabs/applications_tab/ApplicationDetail.tsx(28,20): error TS2307: Cannot find module '@app/components/modals/tabs/applications_tab/application_detail/ApplicationDetail.module.css' or its corresponding type declarations.
src/components/modals/tabs/applications_tab/ApplicationsList.tsx(21,20): error TS2307: Cannot find module '@app/components/modals/tabs/applications_tab/ApplicationsTab.module.css' or its corresponding type declarations.
src/components/modals/tabs/applications_tab/application_detail/ApplicationHeader.tsx(21,20): error TS2307: Cannot find module '@app/components/modals/tabs/applications_tab/application_detail/ApplicationDetail.module.css' or its corresponding type declarations.
src/components/modals/tabs/applications_tab/application_detail/ApplicationInfoSection.tsx(22,20): error TS2307: Cannot find module '@app/components/modals/tabs/applications_tab/application_detail/ApplicationDetail.module.css' or its corresponding type declarations.
src/components/modals/tabs/applications_tab/application_detail/BotProfileSection.tsx(23,20): error TS2307: Cannot find module '@app/components/modals/tabs/applications_tab/application_detail/ApplicationDetail.module.css' or its corresponding type declarations.
src/components/modals/tabs/applications_tab/application_detail/OAuthBuilderSection.tsx(22,20): error TS2307: Cannot find module '@app/components/modals/tabs/applications_tab/application_detail/ApplicationDetail.module.css' or its corresponding type declarations.
src/components/modals/tabs/applications_tab/application_detail/SecretsSection.tsx(21,20): error TS2307: Cannot find module '@app/components/modals/tabs/applications_tab/application_detail/ApplicationDetail.module.css' or its corresponding type declarations.
src/components/modals/tabs/applications_tab/application_detail/SectionCard.tsx(20,20): error TS2307: Cannot find module '@app/components/modals/tabs/applications_tab/application_detail/ApplicationDetail.module.css' or its corresponding type declarations.
src/components/modals/tabs/applications_tab/index.tsx(33,20): error TS2307: Cannot find module '@app/components/modals/tabs/applications_tab/ApplicationsTab.module.css' or its corresponding type declarations.
src/components/modals/tabs/chat_settings_tab/DisplayTab.tsx(23,20): error TS2307: Cannot find module '@app/components/modals/tabs/chat_settings_tab/DisplayTab.module.css' or its corresponding type declarations.
src/components/modals/tabs/chat_settings_tab/Inline.tsx(22,20): error TS2307: Cannot find module '@app/components/modals/tabs/chat_settings_tab/Inline.module.css' or its corresponding type declarations.
src/components/modals/tabs/chat_settings_tab/InputTab.tsx(22,20): error TS2307: Cannot find module '@app/components/modals/tabs/chat_settings_tab/InputTab.module.css' or its corresponding type declarations.
src/components/modals/tabs/chat_settings_tab/InteractionTab.tsx(23,20): error TS2307: Cannot find module '@app/components/modals/tabs/chat_settings_tab/InteractionTab.module.css' or its corresponding type declarations.
src/components/modals/tabs/chat_settings_tab/MediaTab.tsx(24,20): error TS2307: Cannot find module '@app/components/modals/tabs/chat_settings_tab/MediaTab.module.css' or its corresponding type declarations.
src/components/modals/tabs/component_gallery_tab/ButtonsTab.tsx(26,20): error TS2307: Cannot find module '@app/components/modals/tabs/component_gallery_tab/ButtonsTab.module.css' or its corresponding type declarations.
src/components/modals/tabs/component_gallery_tab/ComponentGalleryTabSubsectionTitle.tsx(20,20): error TS2307: Cannot find module '@app/components/modals/tabs/component_gallery_tab/shared.module.css' or its corresponding type declarations.
src/components/modals/tabs/component_gallery_tab/IndicatorsTab.tsx(28,20): error TS2307: Cannot find module '@app/components/modals/tabs/component_gallery_tab/IndicatorsTab.module.css' or its corresponding type declarations.
src/components/modals/tabs/component_gallery_tab/Inline.tsx(23,20): error TS2307: Cannot find module '@app/components/modals/tabs/component_gallery_tab/Inline.module.css' or its corresponding type declarations.
src/components/modals/tabs/component_gallery_tab/InputsTab.tsx(28,20): error TS2307: Cannot find module '@app/components/modals/tabs/component_gallery_tab/InputsTab.module.css' or its corresponding type declarations.
src/components/modals/tabs/component_gallery_tab/MarkdownTab.tsx(26,30): error TS2307: Cannot find module '@app/components/modals/tabs/AppearanceTab.module.css' or its corresponding type declarations.
src/components/modals/tabs/component_gallery_tab/MarkdownTab.tsx(28,20): error TS2307: Cannot find module '@app/components/modals/tabs/component_gallery_tab/MarkdownTab.module.css' or its corresponding type declarations.
src/components/modals/tabs/component_gallery_tab/MessagesTab.tsx(27,20): error TS2307: Cannot find module '@app/components/modals/tabs/component_gallery_tab/MessagesTab.module.css' or its corresponding type declarations.
src/components/modals/tabs/component_gallery_tab/OverlaysTab.tsx(26,20): error TS2307: Cannot find module '@app/components/modals/tabs/component_gallery_tab/OverlaysTab.module.css' or its corresponding type declarations.
src/components/modals/tabs/component_gallery_tab/SelectionsTab.tsx(28,20): error TS2307: Cannot find module '@app/components/modals/tabs/component_gallery_tab/SelectionsTab.module.css' or its corresponding type declarations.
src/components/modals/tabs/components/EntranceSoundSection.tsx(21,20): error TS2307: Cannot find module '@app/components/modals/tabs/components/EntranceSoundSection.module.css' or its corresponding type declarations.
src/components/modals/tabs/components/InputMonitoringSection.tsx(21,20): error TS2307: Cannot find module '@app/components/modals/tabs/KeybindsTab.module.css' or its corresponding type declarations.
src/components/modals/tabs/components/MicTestSection.tsx(20,20): error TS2307: Cannot find module '@app/components/modals/tabs/components/MicTestSection.module.css' or its corresponding type declarations.
src/components/modals/tabs/developer_options_tab/AccountPremiumTab.tsx(26,20): error TS2307: Cannot find module '@app/components/modals/tabs/developer_options_tab/AccountPremiumTab.module.css' or its corresponding type declarations.
src/components/modals/tabs/developer_options_tab/GeneralTab.tsx(23,20): error TS2307: Cannot find module '@app/components/modals/tabs/developer_options_tab/GeneralTab.module.css' or its corresponding type declarations.
src/components/modals/tabs/developer_options_tab/Inline.tsx(23,20): error TS2307: Cannot find module '@app/components/modals/tabs/developer_options_tab/Inline.module.css' or its corresponding type declarations.
src/components/modals/tabs/developer_options_tab/MockingTab.tsx(27,20): error TS2307: Cannot find module '@app/components/modals/tabs/developer_options_tab/MockingTab.module.css' or its corresponding type declarations.
src/components/modals/tabs/developer_options_tab/NagbarsTab.tsx(25,20): error TS2307: Cannot find module '@app/components/modals/tabs/developer_options_tab/NagbarsTab.module.css' or its corresponding type declarations.
src/components/modals/tabs/developer_options_tab/ToolsTab.tsx(31,20): error TS2307: Cannot find module '@app/components/modals/tabs/developer_options_tab/ToolsTab.module.css' or its corresponding type declarations.
src/components/modals/tabs/developer_options_tab/TypographyTab.tsx(20,20): error TS2307: Cannot find module '@app/components/modals/tabs/developer_options_tab/TypographyTab.module.css' or its corresponding type declarations.
src/components/modals/tabs/my_profile_tab/AccentColorPicker.tsx(21,32): error TS2307: Cannot find module '@app/components/modals/tabs/MyProfileTab.module.css' or its corresponding type declarations.
src/components/modals/tabs/my_profile_tab/AccentColorPicker.tsx(22,20): error TS2307: Cannot find module '@app/components/modals/tabs/my_profile_tab/AccentColorPicker.module.css' or its corresponding type declarations.
src/components/modals/tabs/my_profile_tab/AvatarUploader.tsx(27,20): error TS2307: Cannot find module '@app/components/modals/tabs/my_profile_tab/AvatarUploader.module.css' or its corresponding type declarations.
src/components/modals/tabs/my_profile_tab/BannerUploader.tsx(24,20): error TS2307: Cannot find module '@app/components/modals/tabs/my_profile_tab/BannerUploader.module.css' or its corresponding type declarations.
src/components/modals/tabs/my_profile_tab/BioEditor.tsx(22,20): error TS2307: Cannot find module '@app/components/modals/tabs/my_profile_tab/BioEditor.module.css' or its corresponding type declarations.
src/components/modals/tabs/my_profile_tab/PremiumBadgeSettings.tsx(21,20): error TS2307: Cannot find module '@app/components/modals/tabs/my_profile_tab/PremiumBadgeSettings.module.css' or its corresponding type declarations.
src/components/modals/tabs/my_profile_tab/ProfileTypeSelector.tsx(22,20): error TS2307: Cannot find module '@app/components/modals/tabs/my_profile_tab/ProfileTypeSelector.module.css' or its corresponding type declarations.
src/components/modals/tabs/my_profile_tab/UsernameSection.tsx(24,20): error TS2307: Cannot find module '@app/components/modals/tabs/my_profile_tab/UsernameSection.module.css' or its corresponding type declarations.
src/components/modals/tabs/notifications_tab/Inline.tsx(22,20): error TS2307: Cannot find module '@app/components/modals/tabs/notifications_tab/Inline.module.css' or its corresponding type declarations.
src/components/modals/tabs/notifications_tab/Notifications.tsx(22,20): error TS2307: Cannot find module '@app/components/modals/tabs/notifications_tab/Notifications.module.css' or its corresponding type declarations.
src/components/modals/tabs/notifications_tab/PushSettings.tsx(20,20): error TS2307: Cannot find module '@app/components/modals/tabs/notifications_tab/PushSettings.module.css' or its corresponding type declarations.
src/components/modals/tabs/notifications_tab/Sounds.tsx(21,20): error TS2307: Cannot find module '@app/components/modals/tabs/notifications_tab/Sounds.module.css' or its corresponding type declarations.
src/components/modals/tabs/notifications_tab/TextToSpeech.tsx(22,20): error TS2307: Cannot find module '@app/components/modals/tabs/notifications_tab/TextToSpeech.module.css' or its corresponding type declarations.
src/components/modals/tabs/privacy_safety_tab/CommunicationTab.tsx(23,20): error TS2307: Cannot find module '@app/components/modals/tabs/privacy_safety_tab/CommunicationTab.module.css' or its corresponding type declarations.
src/components/modals/tabs/privacy_safety_tab/ConnectionsTab.tsx(26,20): error TS2307: Cannot find module '@app/components/modals/tabs/privacy_safety_tab/ConnectionsTab.module.css' or its corresponding type declarations.
src/components/modals/tabs/privacy_safety_tab/DataDeletionTab.tsx(27,20): error TS2307: Cannot find module '@app/components/modals/tabs/privacy_safety_tab/DataDeletionTab.module.css' or its corresponding type declarations.
src/components/modals/tabs/privacy_safety_tab/DataExportTab.tsx(24,20): error TS2307: Cannot find module '@app/components/modals/tabs/privacy_safety_tab/DataDeletionTab.module.css' or its corresponding type declarations.
src/components/modals/tabs/privacy_safety_tab/Inline.tsx(23,20): error TS2307: Cannot find module '@app/components/modals/tabs/privacy_safety_tab/Inline.module.css' or its corresponding type declarations.
src/components/modals/tabs/voice_video_tab/Inline.tsx(23,20): error TS2307: Cannot find module '@app/components/modals/tabs/voice_video_tab/Inline.module.css' or its corresponding type declarations.
src/components/pages/AuthorizeIPPage.tsx(23,20): error TS2307: Cannot find module '@app/components/pages/AuthorizeIPPage.module.css' or its corresponding type declarations.
src/components/pages/ConnectionCallbackPage.tsx(20,20): error TS2307: Cannot find module '@app/components/pages/ConnectionCallbackPage.module.css' or its corresponding type declarations.
src/components/pages/EmailRevertPage.tsx(23,20): error TS2307: Cannot find module '@app/components/pages/ResetPasswordPage.module.css' or its corresponding type declarations.
src/components/pages/ForgotPasswordPage.tsx(23,20): error TS2307: Cannot find module '@app/components/pages/ForgotPasswordPage.module.css' or its corresponding type declarations.
src/components/pages/GiftRegisterPage.tsx(26,26): error TS2307: Cannot find module '@app/components/auth/AuthPageStyles.module.css' or its corresponding type declarations.
src/components/pages/InviteLoginPage.tsx(25,26): error TS2307: Cannot find module '@app/components/auth/AuthPageStyles.module.css' or its corresponding type declarations.
src/components/pages/InviteRegisterPage.tsx(25,26): error TS2307: Cannot find module '@app/components/auth/AuthPageStyles.module.css' or its corresponding type declarations.
src/components/pages/MessageListPage.tsx(22,20): error TS2307: Cannot find module '@app/components/pages/MessageListPage.module.css' or its corresponding type declarations.
src/components/pages/MessageListPage.tsx(23,27): error TS2307: Cannot find module '@app/components/shared/MessagePreview.module.css' or its corresponding type declarations.
src/components/pages/NotFoundPage.tsx(21,20): error TS2307: Cannot find module '@app/components/pages/NotFoundPage.module.css' or its corresponding type declarations.
src/components/pages/NotificationsPage.tsx(21,20): error TS2307: Cannot find module '@app/components/pages/NotificationsPage.module.css' or its corresponding type declarations.
src/components/pages/OAuthAuthorizePage.tsx(26,20): error TS2307: Cannot find module '@app/components/pages/OAuthAuthorizePage.module.css' or its corresponding type declarations.
src/components/pages/PremiumCallbackPage.tsx(20,20): error TS2307: Cannot find module '@app/components/pages/PremiumCallbackPage.module.css' or its corresponding type declarations.
src/components/pages/RecentMentionsPage.tsx(22,20): error TS2307: Cannot find module '@app/components/pages/RecentMentionsPage.module.css' or its corresponding type declarations.
src/components/pages/RecentMentionsPage.tsx(23,27): error TS2307: Cannot find module '@app/components/shared/MessagePreview.module.css' or its corresponding type declarations.
src/components/pages/RegisterPage.tsx(21,26): error TS2307: Cannot find module '@app/components/auth/AuthPageStyles.module.css' or its corresponding type declarations.
src/components/pages/ReportPage.tsx(22,20): error TS2307: Cannot find module '@app/components/pages/ReportPage.module.css' or its corresponding type declarations.
src/components/pages/ResetPasswordPage.tsx(23,20): error TS2307: Cannot find module '@app/components/pages/ResetPasswordPage.module.css' or its corresponding type declarations.
src/components/pages/SavedMessagesPage.tsx(22,20): error TS2307: Cannot find module '@app/components/pages/SavedMessagesPage.module.css' or its corresponding type declarations.
src/components/pages/SavedMessagesPage.tsx(23,27): error TS2307: Cannot find module '@app/components/shared/MessagePreview.module.css' or its corresponding type declarations.
src/components/pages/SsoCallbackPage.tsx(21,20): error TS2307: Cannot find module '@app/components/pages/LoginPage.module.css' or its corresponding type declarations.
src/components/pages/ThemeLoginPage.tsx(26,26): error TS2307: Cannot find module '@app/components/auth/AuthPageStyles.module.css' or its corresponding type declarations.
src/components/pages/ThemeRegisterPage.tsx(27,26): error TS2307: Cannot find module '@app/components/auth/AuthPageStyles.module.css' or its corresponding type declarations.
src/components/pages/VerifyEmailPage.tsx(23,20): error TS2307: Cannot find module '@app/components/pages/VerifyEmailPage.module.css' or its corresponding type declarations.
src/components/pages/YouPage.tsx(25,20): error TS2307: Cannot find module '@app/components/pages/YouPage.module.css' or its corresponding type declarations.
src/components/pages/report/ReportBreadcrumbs.tsx(20,20): error TS2307: Cannot find module '@app/components/pages/ReportPage.module.css' or its corresponding type declarations.
src/components/pages/report/ReportStepDetails.tsx(22,20): error TS2307: Cannot find module '@app/components/pages/ReportPage.module.css' or its corresponding type declarations.
src/components/pages/report/ReportStepEmail.tsx(21,20): error TS2307: Cannot find module '@app/components/pages/ReportPage.module.css' or its corresponding type declarations.
src/components/pages/report/ReportStepSelection.tsx(20,20): error TS2307: Cannot find module '@app/components/pages/ReportPage.module.css' or its corresponding type declarations.
src/components/pages/report/ReportStepVerification.tsx(21,20): error TS2307: Cannot find module '@app/components/pages/ReportPage.module.css' or its corresponding type declarations.
src/components/popouts/ChannelPinsPopout.tsx(20,20): error TS2307: Cannot find module '@app/components/popouts/ChannelPinsPopout.module.css' or its corresponding type declarations.
src/components/popouts/ColorPickerPopout.tsx(20,20): error TS2307: Cannot find module '@app/components/popouts/ColorPickerPopout.module.css' or its corresponding type declarations.
src/components/popouts/ExpressionPickerPopout.tsx(25,20): error TS2307: Cannot find module '@app/components/popouts/ExpressionPickerPopout.module.css' or its corresponding type declarations.
src/components/popouts/FavoritesGuildHeaderPopout.tsx(25,20): error TS2307: Cannot find module '@app/components/popouts/GuildHeaderPopout.module.css' or its corresponding type declarations.
src/components/popouts/GuildHeaderPopout.tsx(31,20): error TS2307: Cannot find module '@app/components/popouts/GuildHeaderPopout.module.css' or its corresponding type declarations.
src/components/popouts/GuildIcon.tsx(20,20): error TS2307: Cannot find module '@app/components/popouts/GuildIcon.module.css' or its corresponding type declarations.
src/components/popouts/InboxMessageHeader.tsx(21,20): error TS2307: Cannot find module '@app/components/popouts/InboxMessageHeader.module.css' or its corresponding type declarations.
src/components/popouts/InboxPopout.tsx(21,20): error TS2307: Cannot find module '@app/components/popouts/InboxPopout.module.css' or its corresponding type declarations.
src/components/popouts/RecentMentionsContent.tsx(24,26): error TS2307: Cannot find module '@app/components/popouts/InboxMessageHeader.module.css' or its corresponding type declarations.
src/components/popouts/RecentMentionsContent.tsx(25,20): error TS2307: Cannot find module '@app/components/popouts/RecentMentionsContent.module.css' or its corresponding type declarations.
src/components/popouts/RecentMentionsContent.tsx(26,27): error TS2307: Cannot find module '@app/components/shared/MessagePreview.module.css' or its corresponding type declarations.
src/components/popouts/SavedMessagesContent.tsx(23,26): error TS2307: Cannot find module '@app/components/popouts/InboxMessageHeader.module.css' or its corresponding type declarations.
src/components/popouts/SavedMessagesContent.tsx(24,20): error TS2307: Cannot find module '@app/components/popouts/SavedMessagesContent.module.css' or its corresponding type declarations.
src/components/popouts/SavedMessagesContent.tsx(25,27): error TS2307: Cannot find module '@app/components/shared/MessagePreview.module.css' or its corresponding type declarations.
src/components/popouts/ScheduledMessagesContent.tsx(21,20): error TS2307: Cannot find module '@app/components/popouts/ScheduledMessagesContent.module.css' or its corresponding type declarations.
src/components/popouts/ScheduledMessagesContent.tsx(22,27): error TS2307: Cannot find module '@app/components/shared/MessagePreview.module.css' or its corresponding type declarations.
src/components/popouts/UnreadChannelsContent.tsx(25,20): error TS2307: Cannot find module '@app/components/popouts/UnreadChannelsContent.module.css' or its corresponding type declarations.
src/components/popouts/UnreadChannelsContent.tsx(26,27): error TS2307: Cannot find module '@app/components/shared/MessagePreview.module.css' or its corresponding type declarations.
src/components/popouts/UserAreaPopout.tsx(31,20): error TS2307: Cannot find module '@app/components/popouts/UserAreaPopout.module.css' or its corresponding type declarations.
src/components/popouts/UserAreaPopout.tsx(33,37): error TS2307: Cannot find module '@app/components/popouts/UserProfilePopout.module.css' or its corresponding type declarations.
src/components/popouts/UserProfileBadges.tsx(20,20): error TS2307: Cannot find module '@app/components/popouts/UserProfileBadges.module.css' or its corresponding type declarations.
src/components/popouts/UserProfilePopout.tsx(31,20): error TS2307: Cannot find module '@app/components/popouts/UserProfilePopout.module.css' or its corresponding type declarations.
src/components/popouts/UserProfileShared.tsx(26,20): error TS2307: Cannot find module '@app/components/popouts/UserProfileShared.module.css' or its corresponding type declarations.
src/components/popouts/UserProfileShared.tsx(35,26): error TS2307: Cannot find module '@app/styles/Markup.module.css' or its corresponding type declarations.
src/components/profile/ProfilePreview.tsx(26,20): error TS2307: Cannot find module '@app/components/profile/ProfilePreview.module.css' or its corresponding type declarations.
src/components/profile/VoiceActivityCard.tsx(24,20): error TS2307: Cannot find module '@app/components/profile/VoiceActivityCard.module.css' or its corresponding type declarations.
src/components/profile/VoiceActivitySection.tsx(21,20): error TS2307: Cannot find module '@app/components/profile/VoiceActivitySection.module.css' or its corresponding type declarations.
src/components/profile/profile_card/ProfileCardActions.tsx(21,20): error TS2307: Cannot find module '@app/components/profile/profile_card/ProfileCardActions.module.css' or its corresponding type declarations.
src/components/profile/profile_card/ProfileCardBanner.tsx(20,20): error TS2307: Cannot find module '@app/components/profile/profile_card/ProfileCardBanner.module.css' or its corresponding type declarations.
src/components/profile/profile_card/ProfileCardContent.tsx(20,20): error TS2307: Cannot find module '@app/components/profile/profile_card/ProfileCardContent.module.css' or its corresponding type declarations.
src/components/profile/profile_card/ProfileCardFooter.tsx(20,20): error TS2307: Cannot find module '@app/components/profile/profile_card/ProfileCardFooter.module.css' or its corresponding type declarations.
src/components/profile/profile_card/ProfileCardLayout.tsx(20,20): error TS2307: Cannot find module '@app/components/profile/profile_card/ProfileCardLayout.module.css' or its corresponding type declarations.
src/components/profile/profile_card/ProfileCardUserInfo.tsx(21,20): error TS2307: Cannot find module '@app/components/profile/profile_card/ProfileCardUserInfo.module.css' or its corresponding type declarations.
src/components/quick_switcher/QuickSwitcherModal.tsx(24,25): error TS2307: Cannot find module '@app/components/quick_switcher/QuickSwitcherModal.module.css' or its corresponding type declarations.
src/components/search/HasFilterSheet.tsx(20,20): error TS2307: Cannot find module '@app/components/search/HasFilterSheet.module.css' or its corresponding type declarations.
src/components/search/ScopeSheet.tsx(21,20): error TS2307: Cannot find module '@app/components/search/ScopeSheet.module.css' or its corresponding type declarations.
src/components/search/SearchFilterChip.tsx(20,20): error TS2307: Cannot find module '@app/components/search/SearchFilterChip.module.css' or its corresponding type declarations.
src/components/search/SortModeSheet.tsx(20,20): error TS2307: Cannot find module '@app/components/search/SortModeSheet.module.css' or its corresponding type declarations.
src/components/search/UserFilterSheet.tsx(20,20): error TS2307: Cannot find module '@app/components/search/UserFilterSheet.module.css' or its corresponding type declarations.
src/components/shared/ChannelPinsContent.tsx(26,27): error TS2307: Cannot find module '@app/components/shared/MessagePreview.module.css' or its corresponding type declarations.
src/components/shared/ImagePreviewField.tsx(20,20): error TS2307: Cannot find module '@app/components/shared/ImagePreviewField.module.css' or its corresponding type declarations.
src/components/shared/MessageReactionsContent.tsx(20,28): error TS2307: Cannot find module '@app/components/channel/MessageReactions.module.css' or its corresponding type declarations.
src/components/shared/MessageReactionsContent.tsx(22,20): error TS2307: Cannot find module '@app/components/shared/MessageReactionsContent.module.css' or its corresponding type declarations.
src/components/shared/SavedMessageMissingCard.tsx(20,27): error TS2307: Cannot find module '@app/components/shared/MessagePreview.module.css' or its corresponding type declarations.
src/components/shared/message_context_prefix/MessageContextPrefix.tsx(22,20): error TS2307: Cannot find module '@app/components/shared/message_context_prefix/MessageContextPrefix.module.css' or its corresponding type declarations.
src/components/stickers/StickerGridItem.tsx(24,20): error TS2307: Cannot find module '@app/components/stickers/StickerGridItem.module.css' or its corresponding type declarations.
src/components/uikit/BaseAvatar.tsx(23,20): error TS2307: Cannot find module '@app/components/uikit/BaseAvatar.module.css' or its corresponding type declarations.
src/components/uikit/BaseAvatar.tsx(29,26): error TS2307: Cannot find module '@app/styles/Typing.module.css' or its corresponding type declarations.
src/components/uikit/InlineEdit.tsx(21,20): error TS2307: Cannot find module '@app/components/uikit/InlineEdit.module.css' or its corresponding type declarations.
src/components/uikit/KeyboardKey.tsx(20,20): error TS2307: Cannot find module '@app/components/uikit/KeyboardKey.module.css' or its corresponding type declarations.
src/components/uikit/LiveBadge.tsx(20,20): error TS2307: Cannot find module '@app/components/uikit/LiveBadge.module.css' or its corresponding type declarations.
src/components/uikit/MentionBadge.tsx(20,20): error TS2307: Cannot find module '@app/components/uikit/MentionBadge.module.css' or its corresponding type declarations.
src/components/uikit/Scroller.tsx(21,20): error TS2307: Cannot find module '@app/components/uikit/Scroller.module.css' or its corresponding type declarations.
src/components/uikit/Slider.tsx(21,20): error TS2307: Cannot find module '@app/components/uikit/Slider.module.css' or its corresponding type declarations.
src/components/uikit/Slider.tsx(22,27): error TS2307: Cannot find module '@app/components/uikit/SliderTooltip.module.css' or its corresponding type declarations.
src/components/uikit/Spinner.tsx(20,20): error TS2307: Cannot find module '@app/components/uikit/Spinner.module.css' or its corresponding type declarations.
src/components/uikit/StatusIndicator.tsx(20,20): error TS2307: Cannot find module '@app/components/uikit/StatusIndicator.module.css' or its corresponding type declarations.
src/components/uikit/SwitchGroup.tsx(22,20): error TS2307: Cannot find module '@app/components/uikit/SwitchGroup.module.css' or its corresponding type declarations.
src/components/uikit/accordion/Accordion.tsx(20,27): error TS2307: Cannot find module '@app/components/modals/shared/SettingsSection.module.css' or its corresponding type declarations.
src/components/uikit/accordion/Accordion.tsx(21,20): error TS2307: Cannot find module '@app/components/uikit/accordion/Accordion.module.css' or its corresponding type declarations.
src/components/uikit/alt_text_tooltip/AltTextTooltip.tsx(20,20): error TS2307: Cannot find module '@app/components/uikit/alt_text_tooltip/AltTextTooltip.module.css' or its corresponding type declarations.
src/components/uikit/avatars/AvatarStack.tsx(22,20): error TS2307: Cannot find module '@app/components/uikit/avatars/AvatarStack.module.css' or its corresponding type declarations.
src/components/uikit/avatars/AvatarWithPresence.tsx(20,20): error TS2307: Cannot find module '@app/components/uikit/avatars/AvatarWithPresence.module.css' or its corresponding type declarations.
src/components/uikit/avatars/StackUserAvatar.tsx(21,20): error TS2307: Cannot find module '@app/components/uikit/avatars/StackUserAvatar.module.css' or its corresponding type declarations.
src/components/uikit/button/Button.tsx(20,20): error TS2307: Cannot find module '@app/components/uikit/button/Button.module.css' or its corresponding type declarations.
src/components/uikit/card_alignment_controls/CardAlignmentControls.tsx(20,20): error TS2307: Cannot find module '@app/components/uikit/card_alignment_controls/CardAlignmentControls.module.css' or its corresponding type declarations.
src/components/uikit/character_counter/CharacterCounter.tsx(20,20): error TS2307: Cannot find module '@app/components/uikit/character_counter/CharacterCounter.module.css' or its corresponding type declarations.
src/components/uikit/checkbox/Checkbox.tsx(20,20): error TS2307: Cannot find module '@app/components/uikit/checkbox/Checkbox.module.css' or its corresponding type declarations.
src/components/uikit/context_menu/ContextMenu.tsx(21,20): error TS2307: Cannot find module '@app/components/uikit/context_menu/ContextMenu.module.css' or its corresponding type declarations.
src/components/uikit/context_menu/MenuItem.tsx(21,20): error TS2307: Cannot find module '@app/components/uikit/context_menu/MenuItem.module.css' or its corresponding type declarations.
src/components/uikit/context_menu/MenuItemRadio.tsx(21,20): error TS2307: Cannot find module '@app/components/uikit/context_menu/ContextMenu.module.css' or its corresponding type declarations.
src/components/uikit/context_menu/MenuItemRadio.tsx(22,25): error TS2307: Cannot find module '@app/components/uikit/context_menu/MenuItemRadio.module.css' or its corresponding type declarations.
src/components/uikit/context_menu/MenuItemSlider.tsx(20,20): error TS2307: Cannot find module '@app/components/uikit/context_menu/MenuItem.module.css' or its corresponding type declarations.
src/components/uikit/context_menu/MessageContextMenu.tsx(28,31): error TS2307: Cannot find module '@app/components/uikit/context_menu/ContextMenu.module.css' or its corresponding type declarations.
src/components/uikit/context_menu/items/CallMenuItems.tsx(28,20): error TS2307: Cannot find module '@app/components/uikit/context_menu/items/MenuItems.module.css' or its corresponding type declarations.
src/components/uikit/context_menu/items/CategoryMenuItems.tsx(39,24): error TS2307: Cannot find module '@app/components/uikit/context_menu/items/MenuItems.module.css' or its corresponding type declarations.
src/components/uikit/context_menu/items/CategoryMenuItems.tsx(42,28): error TS2307: Cannot find module '@app/components/uikit/context_menu/MenuItem.module.css' or its corresponding type declarations.
src/components/uikit/context_menu/items/ChannelMenuItems.tsx(43,24): error TS2307: Cannot find module '@app/components/uikit/context_menu/items/MenuItems.module.css' or its corresponding type declarations.
src/components/uikit/context_menu/items/ChannelMenuItems.tsx(46,28): error TS2307: Cannot find module '@app/components/uikit/context_menu/MenuItem.module.css' or its corresponding type declarations.
src/components/uikit/context_menu/items/GuildMemberMenuItems.tsx(38,24): error TS2307: Cannot find module '@app/components/uikit/context_menu/items/MenuItems.module.css' or its corresponding type declarations.
src/components/uikit/context_menu/items/VoiceParticipantMenuItems.tsx(45,20): error TS2307: Cannot find module '@app/components/uikit/context_menu/items/MenuItems.module.css' or its corresponding type declarations.
src/components/uikit/emoji_tooltip_content/EmojiTooltipContent.tsx(20,20): error TS2307: Cannot find module '@app/components/uikit/emoji_tooltip_content/EmojiTooltipContent.module.css' or its corresponding type declarations.
src/components/uikit/focus_ring/FocusRingScope.tsx(20,20): error TS2307: Cannot find module '@app/components/uikit/focus_ring/FocusRing.module.css' or its corresponding type declarations.
src/components/uikit/keybind_hint/KeybindHint.tsx(20,20): error TS2307: Cannot find module '@app/components/uikit/keybind_hint/KeybindHint.module.css' or its corresponding type declarations.
src/components/uikit/menu_bottom_sheet/MenuBottomSheet.tsx(21,20): error TS2307: Cannot find module '@app/components/uikit/menu_bottom_sheet/MenuBottomSheet.module.css' or its corresponding type declarations.
src/components/uikit/plutonium_link/PlutoniumLink.tsx(21,20): error TS2307: Cannot find module '@app/components/uikit/plutonium_link/PlutoniumLink.module.css' or its corresponding type declarations.
src/components/uikit/plutonium_upsell/PlutoniumUpsell.tsx(22,20): error TS2307: Cannot find module '@app/components/uikit/plutonium_upsell/PlutoniumUpsell.module.css' or its corresponding type declarations.
src/components/uikit/popout/Popout.tsx(22,20): error TS2307: Cannot find module '@app/components/uikit/popout/Popout.module.css' or its corresponding type declarations.
src/components/uikit/popout/Popouts.tsx(22,20): error TS2307: Cannot find module '@app/components/uikit/popout/Popout.module.css' or its corresponding type declarations.
src/components/uikit/popout/searchable_list_popout/SearchableListPopout.tsx(21,20): error TS2307: Cannot find module '@app/components/uikit/popout/searchable_list_popout/SearchableListPopout.module.css' or its corresponding type declarations.
src/components/uikit/radio_group/RadioGroup.tsx(21,20): error TS2307: Cannot find module '@app/components/uikit/radio_group/RadioGroup.module.css' or its corresponding type declarations.
src/components/uikit/scroller/ScrollerTrack.tsx(20,20): error TS2307: Cannot find module '@app/components/uikit/scroller/ScrollerTrack.module.css' or its corresponding type declarations.
src/components/uikit/segmented_tabs/SegmentedTabs.tsx(20,20): error TS2307: Cannot find module '@app/components/uikit/segmented_tabs/SegmentedTabs.module.css' or its corresponding type declarations.
src/components/uikit/sheet/Sheet.tsx(20,20): error TS2307: Cannot find module '@app/components/uikit/sheet/Sheet.module.css' or its corresponding type declarations.
src/components/uikit/tabs/Tabs.tsx(21,20): error TS2307: Cannot find module '@app/components/uikit/tabs/Tabs.module.css' or its corresponding type declarations.
src/components/uikit/toast/Toast.tsx(21,20): error TS2307: Cannot find module '@app/components/uikit/toast/Toast.module.css' or its corresponding type declarations.
src/components/uikit/toast/Toasts.tsx(22,20): error TS2307: Cannot find module '@app/components/uikit/toast/Toasts.module.css' or its corresponding type declarations.
src/components/uikit/tooltip/Tooltip.tsx(21,20): error TS2307: Cannot find module '@app/components/uikit/tooltip/Tooltip.module.css' or its corresponding type declarations.
src/components/uikit/warning_alert/WarningAlert.tsx(20,20): error TS2307: Cannot find module '@app/components/uikit/warning_alert/WarningAlert.module.css' or its corresponding type declarations.
src/components/voice/CompactVoiceCallView.tsx(22,20): error TS2307: Cannot find module '@app/components/voice/CompactVoiceCallView.module.css' or its corresponding type declarations.
src/components/voice/CompactVoiceCallView.tsx(26,29): error TS2307: Cannot find module '@app/components/voice/VoiceCallView.module.css' or its corresponding type declarations.
src/components/voice/FeedHiddenOverlay.tsx(21,20): error TS2307: Cannot find module '@app/components/voice/FeedHiddenOverlay.module.css' or its corresponding type declarations.
src/components/voice/HiddenStreamPlaceholder.tsx(20,20): error TS2307: Cannot find module '@app/components/voice/HiddenStreamPlaceholder.module.css' or its corresponding type declarations.
src/components/voice/IncomingCallPortal.tsx(20,20): error TS2307: Cannot find module '@app/components/voice/IncomingCallManager.module.css' or its corresponding type declarations.
src/components/voice/IncomingCallUI.tsx(28,20): error TS2307: Cannot find module '@app/components/voice/IncomingCallUI.module.css' or its corresponding type declarations.
src/components/voice/PiPOverlay.tsx(37,20): error TS2307: Cannot find module '@app/components/voice/PiPOverlay.module.css' or its corresponding type declarations.
src/components/voice/PiPOverlay.tsx(45,40): error TS2307: Cannot find module '@app/components/voice/VoiceParticipantTile.module.css' or its corresponding type declarations.
src/components/voice/SignalStrengthIcon.tsx(20,20): error TS2307: Cannot find module '@app/components/voice/SignalStrengthIcon.module.css' or its corresponding type declarations.
src/components/voice/StreamFocusHeaderInfo.tsx(20,33): error TS2307: Cannot find module '@app/components/channel/ChannelHeader.module.css' or its corresponding type declarations.
src/components/voice/StreamFocusHeaderInfo.tsx(25,20): error TS2307: Cannot find module '@app/components/voice/VoiceCallView.module.css' or its corresponding type declarations.
src/components/voice/StreamInfoPill.tsx(21,20): error TS2307: Cannot find module '@app/components/voice/StreamInfoPill.module.css' or its corresponding type declarations.
src/components/voice/StreamSpectatorsPopout.tsx(26,20): error TS2307: Cannot find module '@app/components/voice/StreamSpectatorsPopout.module.css' or its corresponding type declarations.
src/components/voice/StreamWatchHoverCard.tsx(23,20): error TS2307: Cannot find module '@app/components/voice/StreamWatchHoverCard.module.css' or its corresponding type declarations.
src/components/voice/VoiceCallLayoutContent.tsx(24,20): error TS2307: Cannot find module '@app/components/voice/VoiceCallView.module.css' or its corresponding type declarations.
src/components/voice/VoiceCallView.tsx(22,33): error TS2307: Cannot find module '@app/components/channel/ChannelHeader.module.css' or its corresponding type declarations.
src/components/voice/VoiceCallView.tsx(37,20): error TS2307: Cannot find module '@app/components/voice/VoiceCallView.module.css' or its corresponding type declarations.
src/components/voice/VoiceConnectionStatus.tsx(40,20): error TS2307: Cannot find module '@app/components/voice/VoiceConnectionStatus.module.css' or its corresponding type declarations.
src/components/voice/VoiceControlBar.tsx(44,20): error TS2307: Cannot find module '@app/components/voice/VoiceControlBar.module.css' or its corresponding type declarations.
src/components/voice/VoiceGridLayout.tsx(20,20): error TS2307: Cannot find module '@app/components/voice/VoiceGridLayout.module.css' or its corresponding type declarations.
src/components/voice/VoiceParticipantAvatarList.tsx(26,20): error TS2307: Cannot find module '@app/components/voice/VoiceParticipantAvatarList.module.css' or its corresponding type declarations.
src/components/voice/VoiceParticipantTile.tsx(45,29): error TS2307: Cannot find module '@app/components/voice/VoiceCallView.module.css' or its corresponding type declarations.
src/components/voice/VoiceParticipantTile.tsx(50,20): error TS2307: Cannot find module '@app/components/voice/VoiceParticipantTile.module.css' or its corresponding type declarations.
src/components/voice/VoiceRegionSelector.tsx(23,20): error TS2307: Cannot find module '@app/components/voice/VoiceRegionSelector.module.css' or its corresponding type declarations.
src/components/voice/VoiceSettingsMenus.tsx(35,20): error TS2307: Cannot find module '@app/components/voice/VoiceSettingsMenus.module.css' or its corresponding type declarations.
src/components/voice/VoiceStatsOverlay.tsx(22,20): error TS2307: Cannot find module '@app/components/voice/VoiceStatsOverlay.module.css' or its corresponding type declarations.
src/components/webhooks/WebhookListItem.tsx(26,20): error TS2307: Cannot find module '@app/components/webhooks/WebhookListItem.module.css' or its corresponding type declarations.
src/lib/markdown/index.tsx(23,26): error TS2307: Cannot find module '@app/styles/Markup.module.css' or its corresponding type declarations.
src/lib/markdown/renderers/LinkRenderer.tsx(31,28): error TS2307: Cannot find module '@app/lib/markdown/renderers/MessageJumpLink.module.css' or its corresponding type declarations.
src/lib/markdown/renderers/LinkRenderer.tsx(39,26): error TS2307: Cannot find module '@app/styles/Markup.module.css' or its corresponding type declarations.
src/lib/markdown/renderers/MentionRenderer.tsx(34,26): error TS2307: Cannot find module '@app/styles/Markup.module.css' or its corresponding type declarations.
src/lib/markdown/renderers/MentionRenderer.tsx(35,35): error TS2307: Cannot find module '@app/styles/MentionRenderer.module.css' or its corresponding type declarations.
src/lib/markdown/renderers/TimestampRenderer.tsx(25,26): error TS2307: Cannot find module '@app/styles/Markup.module.css' or its corresponding type declarations.
src/lib/markdown/renderers/TimestampRenderer.tsx(26,37): error TS2307: Cannot find module '@app/styles/TimestampRenderer.module.css' or its corresponding type declarations.
src/lib/markdown/renderers/common/BlockElements.tsx(21,26): error TS2307: Cannot find module '@app/styles/Markup.module.css' or its corresponding type declarations.
src/lib/markdown/renderers/common/CodeElements.tsx(23,32): error TS2307: Cannot find module '@app/styles/CodeElements.module.css' or its corresponding type declarations.
src/lib/markdown/renderers/common/CodeElements.tsx(24,26): error TS2307: Cannot find module '@app/styles/Markup.module.css' or its corresponding type declarations.
src/lib/markdown/renderers/common/FormattingElements.tsx(22,26): error TS2307: Cannot find module '@app/styles/Markup.module.css' or its corresponding type declarations.
src/lib/markdown/renderers/index.tsx(51,26): error TS2307: Cannot find module '@app/styles/Markup.module.css' or its corresponding type declarations.
src/utils/friends/FriendsListUtils.tsx(34,20): error TS2307: Cannot find module '@app/utils/friends/FriendsListUtils.module.css' or its corresponding type declarations.
C:\Users\canto\Desktop\fluxor\fluxer_app:
ERR_PNPM_RECURSIVE_RUN_FIRST_FAIL fluxer_app@0.0.0 build: `pnpm wasm:codegen && pnpm generate:colors && pnpm generate:masks && pnpm generate:css-types && tsgo --noEmit && pnpm lingui:compile && rm -rf dist && rspack build --mode production && pnpm tsx scripts/build-sw.mjs`
Exit status 2
